TN:
SF:app\error.tsx
FN:6,Error
FN:13,(anonymous_2)
FN:55,(anonymous_3)
FNF:3
FNH:0
FNDA:0,Error
FNDA:0,(anonymous_2)
FNDA:0,(anonymous_3)
DA:3,0
DA:4,0
DA:6,0
DA:13,0
DA:15,0
DA:55,0
LF:6
LH:0
BRDA:62,0,0,0
BRF:1
BRH:0
end_of_record
TN:
SF:app\layout.tsx
FN:51,RootLayout
FNF:1
FNH:0
FNDA:0,RootLayout
DA:3,0
DA:4,0
DA:5,0
DA:6,0
DA:8,0
DA:10,0
DA:44,0
DA:51,0
LF:8
LH:0
BRF:0
BRH:0
end_of_record
TN:
SF:app\page.tsx
FN:16,HomePage
FN:20,(anonymous_2)
FNF:2
FNH:0
FNDA:0,HomePage
FNDA:0,(anonymous_2)
DA:5,0
DA:6,0
DA:7,0
DA:8,0
DA:9,0
DA:10,0
DA:11,0
DA:12,0
DA:13,0
DA:14,0
DA:16,0
DA:17,0
DA:18,0
DA:20,0
DA:22,0
DA:23,0
DA:28,0
DA:37,0
DA:53,0
LF:19
LH:0
BRDA:22,0,0,0
BRDA:22,1,0,0
BRDA:22,1,1,0
BRDA:28,2,0,0
BRDA:37,3,0,0
BRF:5
BRH:0
end_of_record
TN:
SF:app\providers.tsx
FN:11,Providers
FN:12,(anonymous_2)
FNF:2
FNH:0
FNDA:0,Providers
FNDA:0,(anonymous_2)
DA:5,0
DA:6,0
DA:7,0
DA:8,0
DA:9,0
DA:11,0
DA:12,0
LF:7
LH:0
BRF:0
BRH:0
end_of_record
TN:
SF:app\admin\page.tsx
FN:9,AdminPage
FN:13,(anonymous_2)
FNF:2
FNH:0
FNDA:0,AdminPage
FNDA:0,(anonymous_2)
DA:3,0
DA:4,0
DA:5,0
DA:6,0
DA:7,0
DA:9,0
DA:10,0
DA:11,0
DA:13,0
DA:14,0
DA:15,0
DA:19,0
DA:23,0
DA:24,0
LF:14
LH:0
BRDA:14,0,0,0
BRDA:14,1,0,0
BRDA:14,1,1,0
BRDA:14,1,2,0
BRDA:19,2,0,0
BRDA:23,3,0,0
BRDA:23,4,0,0
BRDA:23,4,1,0
BRF:8
BRH:0
end_of_record
TN:
SF:app\admin\clientes\page.tsx
FN:6,AdminCustomersPage
FNF:1
FNH:0
FNDA:0,AdminCustomersPage
DA:3,0
DA:4,0
DA:6,0
LF:3
LH:0
BRF:0
BRH:0
end_of_record
TN:
SF:app\admin\configuracoes\page.tsx
FN:6,AdminSettingsPage
FNF:1
FNH:0
FNDA:0,AdminSettingsPage
DA:3,0
DA:4,0
DA:6,0
LF:3
LH:0
BRF:0
BRH:0
end_of_record
TN:
SF:app\admin\emergencia\page.tsx
FN:10,EmergencyAdminPage
FN:17,(anonymous_2)
FN:33,(anonymous_3)
FN:46,(anonymous_4)
FN:77,(anonymous_5)
FN:87,(anonymous_6)
FN:107,(anonymous_7)
FN:114,(anonymous_8)
FN:121,(anonymous_9)
FN:128,(anonymous_10)
FNF:10
FNH:0
FNDA:0,EmergencyAdminPage
FNDA:0,(anonymous_2)
FNDA:0,(anonymous_3)
FNDA:0,(anonymous_4)
FNDA:0,(anonymous_5)
FNDA:0,(anonymous_6)
FNDA:0,(anonymous_7)
FNDA:0,(anonymous_8)
FNDA:0,(anonymous_9)
FNDA:0,(anonymous_10)
DA:3,0
DA:4,0
DA:5,0
DA:6,0
DA:7,0
DA:8,0
DA:10,0
DA:11,0
DA:12,0
DA:13,0
DA:14,0
DA:15,0
DA:17,0
DA:18,0
DA:19,0
DA:21,0
DA:22,0
DA:28,0
DA:30,0
DA:31,0
DA:33,0
DA:34,0
DA:37,0
DA:40,0
DA:42,0
DA:46,0
DA:47,0
DA:50,0
DA:77,0
DA:87,0
DA:107,0
DA:114,0
DA:121,0
DA:128,0
LF:34
LH:0
BRDA:30,0,0,0
BRDA:30,0,1,0
BRDA:98,1,0,0
BRDA:98,1,1,0
BRDA:136,2,0,0
BRDA:137,3,0,0
BRDA:137,3,1,0
BRF:7
BRH:0
end_of_record
TN:
SF:app\admin\entregadores\page.tsx
FN:6,AdminDeliveryPage
FNF:1
FNH:0
FNDA:0,AdminDeliveryPage
DA:3,0
DA:4,0
DA:6,0
LF:3
LH:0
BRF:0
BRH:0
end_of_record
TN:
SF:app\admin\geolocation\page-complex.tsx
FN:41,GeolocationPage
FN:61,(anonymous_2)
FN:65,(anonymous_3)
FN:80,(anonymous_4)
FN:88,(anonymous_5)
FN:98,(anonymous_6)
FN:116,(anonymous_7)
FN:152,(anonymous_8)
FN:190,(anonymous_9)
FN:231,(anonymous_10)
FN:312,(anonymous_11)
FN:312,(anonymous_12)
FN:325,(anonymous_13)
FN:325,(anonymous_14)
FN:336,(anonymous_15)
FN:336,(anonymous_16)
FN:358,(anonymous_17)
FN:358,(anonymous_18)
FN:370,(anonymous_19)
FN:370,(anonymous_20)
FN:378,(anonymous_21)
FN:378,(anonymous_22)
FN:399,(anonymous_23)
FN:399,(anonymous_24)
FN:422,(anonymous_25)
FN:422,(anonymous_26)
FN:446,(anonymous_27)
FN:453,(anonymous_28)
FN:505,(anonymous_29)
FN:514,(anonymous_30)
FNF:30
FNH:0
FNDA:0,GeolocationPage
FNDA:0,(anonymous_2)
FNDA:0,(anonymous_3)
FNDA:0,(anonymous_4)
FNDA:0,(anonymous_5)
FNDA:0,(anonymous_6)
FNDA:0,(anonymous_7)
FNDA:0,(anonymous_8)
FNDA:0,(anonymous_9)
FNDA:0,(anonymous_10)
FNDA:0,(anonymous_11)
FNDA:0,(anonymous_12)
FNDA:0,(anonymous_13)
FNDA:0,(anonymous_14)
FNDA:0,(anonymous_15)
FNDA:0,(anonymous_16)
FNDA:0,(anonymous_17)
FNDA:0,(anonymous_18)
FNDA:0,(anonymous_19)
FNDA:0,(anonymous_20)
FNDA:0,(anonymous_21)
FNDA:0,(anonymous_22)
FNDA:0,(anonymous_23)
FNDA:0,(anonymous_24)
FNDA:0,(anonymous_25)
FNDA:0,(anonymous_26)
FNDA:0,(anonymous_27)
FNDA:0,(anonymous_28)
FNDA:0,(anonymous_29)
FNDA:0,(anonymous_30)
DA:3,0
DA:4,0
DA:5,0
DA:6,0
DA:7,0
DA:8,0
DA:9,0
DA:10,0
DA:11,0
DA:12,0
DA:41,0
DA:42,0
DA:53,0
DA:54,0
DA:55,0
DA:56,0
DA:57,0
DA:58,0
DA:59,0
DA:61,0
DA:62,0
DA:65,0
DA:66,0
DA:67,0
DA:68,0
DA:70,0
DA:76,0
DA:80,0
DA:81,0
DA:82,0
DA:86,0
DA:87,0
DA:88,0
DA:90,0
DA:93,0
DA:94,0
DA:98,0
DA:99,0
DA:100,0
DA:104,0
DA:105,0
DA:106,0
DA:108,0
DA:111,0
DA:112,0
DA:116,0
DA:117,0
DA:118,0
DA:119,0
DA:128,0
DA:129,0
DA:134,0
DA:135,0
DA:142,0
DA:148,0
DA:152,0
DA:153,0
DA:154,0
DA:156,0
DA:158,0
DA:159,0
DA:165,0
DA:166,0
DA:168,0
DA:169,0
DA:174,0
DA:181,0
DA:186,0
DA:190,0
DA:191,0
DA:192,0
DA:194,0
DA:206,0
DA:207,0
DA:211,0
DA:212,0
DA:213,0
DA:215,0
DA:216,0
DA:223,0
DA:231,0
DA:232,0
DA:234,0
DA:235,0
DA:240,0
DA:241,0
DA:245,0
DA:247,0
DA:248,0
DA:255,0
DA:263,0
DA:312,0
DA:325,0
DA:336,0
DA:358,0
DA:370,0
DA:378,0
DA:399,0
DA:422,0
DA:446,0
DA:454,0
DA:505,0
DA:514,0
LF:103
LH:0
BRDA:86,0,0,0
BRDA:86,0,1,0
BRDA:104,1,0,0
BRDA:104,1,1,0
BRDA:106,2,0,0
BRDA:106,2,1,0
BRDA:128,3,0,0
BRDA:128,3,1,0
BRDA:137,4,0,0
BRDA:137,4,1,0
BRDA:154,5,0,0
BRDA:168,6,0,0
BRDA:168,6,1,0
BRDA:195,7,0,0
BRDA:195,7,1,0
BRDA:197,8,0,0
BRDA:197,8,1,0
BRDA:206,9,0,0
BRDA:206,9,1,0
BRDA:209,10,0,0
BRDA:209,10,1,0
BRDA:218,11,0,0
BRDA:218,11,1,0
BRDA:232,12,0,0
BRDA:240,13,0,0
BRDA:240,13,1,0
BRDA:250,14,0,0
BRDA:250,14,1,0
BRDA:263,15,0,0
BRDA:280,16,0,0
BRDA:280,16,1,0
BRDA:380,17,0,0
BRDA:380,17,1,0
BRDA:437,18,0,0
BRDA:437,18,1,0
BRDA:464,19,0,0
BRDA:464,19,1,0
BRDA:465,20,0,0
BRDA:465,20,1,0
BRDA:489,21,0,0
BRDA:497,22,0,0
BRDA:542,23,0,0
BRDA:549,24,0,0
BRDA:554,25,0,0
BRDA:559,26,0,0
BRDA:559,26,1,0
BRDA:561,27,0,0
BRDA:561,27,1,0
BRDA:566,28,0,0
BRF:49
BRH:0
end_of_record
TN:
SF:app\admin\geolocation\page-simple.tsx
FN:23,GeolocationPageSimple
FN:39,(anonymous_2)
FN:43,(anonymous_3)
FN:51,(anonymous_4)
FN:67,(anonymous_5)
FN:135,(anonymous_6)
FN:135,(anonymous_7)
FN:148,(anonymous_8)
FN:148,(anonymous_9)
FN:159,(anonymous_10)
FN:159,(anonymous_11)
FN:181,(anonymous_12)
FN:181,(anonymous_13)
FN:193,(anonymous_14)
FN:193,(anonymous_15)
FN:201,(anonymous_16)
FN:201,(anonymous_17)
FN:222,(anonymous_18)
FN:222,(anonymous_19)
FNF:19
FNH:0
FNDA:0,GeolocationPageSimple
FNDA:0,(anonymous_2)
FNDA:0,(anonymous_3)
FNDA:0,(anonymous_4)
FNDA:0,(anonymous_5)
FNDA:0,(anonymous_6)
FNDA:0,(anonymous_7)
FNDA:0,(anonymous_8)
FNDA:0,(anonymous_9)
FNDA:0,(anonymous_10)
FNDA:0,(anonymous_11)
FNDA:0,(anonymous_12)
FNDA:0,(anonymous_13)
FNDA:0,(anonymous_14)
FNDA:0,(anonymous_15)
FNDA:0,(anonymous_16)
FNDA:0,(anonymous_17)
FNDA:0,(anonymous_18)
FNDA:0,(anonymous_19)
DA:3,0
DA:4,0
DA:5,0
DA:6,0
DA:7,0
DA:8,0
DA:9,0
DA:10,0
DA:23,0
DA:24,0
DA:35,0
DA:36,0
DA:37,0
DA:39,0
DA:40,0
DA:43,0
DA:44,0
DA:45,0
DA:49,0
DA:50,0
DA:51,0
DA:53,0
DA:56,0
DA:57,0
DA:63,0
DA:67,0
DA:68,0
DA:69,0
DA:70,0
DA:79,0
DA:80,0
DA:85,0
DA:86,0
DA:93,0
DA:99,0
DA:103,0
DA:135,0
DA:148,0
DA:159,0
DA:181,0
DA:193,0
DA:201,0
DA:222,0
LF:43
LH:0
BRDA:49,0,0,0
BRDA:49,0,1,0
BRDA:79,1,0,0
BRDA:79,1,1,0
BRDA:88,2,0,0
BRDA:88,2,1,0
BRDA:103,3,0,0
BRDA:203,4,0,0
BRDA:203,4,1,0
BRDA:239,5,0,0
BRDA:239,5,1,0
BRDA:240,6,0,0
BRDA:240,6,1,0
BRDA:260,7,0,0
BRDA:260,7,1,0
BRF:15
BRH:0
end_of_record
TN:
SF:app\admin\geolocation\page.tsx
FN:6,GeolocationPage
FN:9,(anonymous_2)
FNF:2
FNH:0
FNDA:0,GeolocationPage
FNDA:0,(anonymous_2)
DA:3,0
DA:4,0
DA:6,0
DA:7,0
DA:9,0
DA:11,0
LF:6
LH:0
BRF:0
BRH:0
end_of_record
TN:
SF:app\admin\geolocation-test\page.tsx
FN:7,GeolocationTestPage
FN:12,(anonymous_2)
FN:16,(anonymous_3)
FNF:3
FNH:0
FNDA:0,GeolocationTestPage
FNDA:0,(anonymous_2)
FNDA:0,(anonymous_3)
DA:3,0
DA:4,0
DA:5,0
DA:7,0
DA:8,0
DA:9,0
DA:10,0
DA:12,0
DA:13,0
DA:16,0
DA:17,0
DA:18,0
DA:20,0
DA:24,0
DA:25,0
DA:28,0
DA:29,0
DA:30,0
DA:32,0
DA:33,0
DA:35,0
DA:39,0
DA:50,0
LF:23
LH:0
BRDA:24,0,0,0
BRDA:39,1,0,0
BRDA:50,2,0,0
BRF:3
BRH:0
end_of_record
TN:
SF:app\admin\impressora\page.tsx
FN:6,PrinterConfigPage
FN:9,(anonymous_2)
FNF:2
FNH:0
FNDA:0,PrinterConfigPage
FNDA:0,(anonymous_2)
DA:3,0
DA:4,0
DA:6,0
DA:7,0
DA:9,0
DA:11,0
LF:6
LH:0
BRF:0
BRH:0
end_of_record
TN:
SF:app\admin\login\page.tsx
FN:14,AdminLoginPage
FN:23,(anonymous_2)
FN:41,(anonymous_3)
FN:63,(anonymous_4)
FN:72,(anonymous_5)
FN:86,(anonymous_6)
FN:97,(anonymous_7)
FNF:7
FNH:0
FNDA:0,AdminLoginPage
FNDA:0,(anonymous_2)
FNDA:0,(anonymous_3)
FNDA:0,(anonymous_4)
FNDA:0,(anonymous_5)
FNDA:0,(anonymous_6)
FNDA:0,(anonymous_7)
DA:4,0
DA:5,0
DA:6,0
DA:7,0
DA:8,0
DA:9,0
DA:10,0
DA:11,0
DA:12,0
DA:14,0
DA:15,0
DA:16,0
DA:17,0
DA:18,0
DA:19,0
DA:20,0
DA:21,0
DA:23,0
DA:24,0
DA:25,0
DA:26,0
DA:28,0
DA:29,0
DA:30,0
DA:31,0
DA:33,0
DA:35,0
DA:37,0
DA:41,0
DA:42,0
DA:43,0
DA:63,0
DA:72,0
DA:86,0
DA:97,0
LF:35
LH:0
BRDA:30,0,0,0
BRDA:35,1,0,0
BRDA:35,1,1,0
BRDA:55,2,0,0
BRDA:78,3,0,0
BRDA:78,3,1,0
BRF:6
BRH:0
end_of_record
TN:
SF:app\admin\notificacoes\page.tsx
FN:6,AdminNotificationsPage
FNF:1
FNH:0
FNDA:0,AdminNotificationsPage
DA:3,0
DA:4,0
DA:6,0
LF:3
LH:0
BRF:0
BRH:0
end_of_record
TN:
SF:app\admin\pdv\page.tsx
FN:6,PDVPage
FNF:1
FNH:0
FNDA:0,PDVPage
DA:3,0
DA:4,0
DA:6,0
LF:3
LH:0
BRF:0
BRH:0
end_of_record
TN:
SF:app\admin\pedidos\page.tsx
FN:6,AdminOrdersPage
FNF:1
FNH:0
FNDA:0,AdminOrdersPage
DA:3,0
DA:4,0
DA:6,0
LF:3
LH:0
BRF:0
BRH:0
end_of_record
TN:
SF:app\admin\produtos\page.tsx
FN:6,AdminProductsPage
FNF:1
FNH:0
FNDA:0,AdminProductsPage
DA:3,0
DA:4,0
DA:6,0
LF:3
LH:0
BRF:0
BRH:0
end_of_record
TN:
SF:app\admin\relatorios\page.tsx
FN:6,AdminReportsPage
FNF:1
FNH:0
FNDA:0,AdminReportsPage
DA:3,0
DA:4,0
DA:6,0
LF:3
LH:0
BRF:0
BRH:0
end_of_record
TN:
SF:app\api\about-content\route.ts
FN:14,GET
FN:86,PUT
FNF:2
FNH:0
FNDA:0,GET
FNDA:0,PUT
DA:1,0
DA:2,0
DA:3,0
DA:7,0
DA:14,0
DA:15,0
DA:16,0
DA:17,0
DA:22,0
DA:23,0
DA:26,0
DA:27,0
DA:70,0
DA:79,0
DA:81,0
DA:86,0
DA:87,0
DA:88,0
DA:89,0
DA:90,0
DA:93,0
DA:94,0
DA:95,0
DA:98,0
DA:99,0
DA:101,0
DA:102,0
DA:108,0
DA:109,0
DA:115,0
DA:116,0
DA:122,0
DA:123,0
DA:129,0
DA:131,0
DA:133,0
DA:138,0
DA:140,0
DA:147,0
DA:148,0
DA:151,0
DA:157,0
DA:158,0
DA:161,0
DA:162,0
DA:165,0
LF:46
LH:0
BRDA:22,0,0,0
BRDA:26,1,0,0
BRDA:26,2,0,0
BRDA:26,2,1,0
BRDA:89,3,0,0
BRDA:94,4,0,0
BRDA:94,5,0,0
BRDA:94,5,1,0
BRDA:101,6,0,0
BRDA:101,7,0,0
BRDA:101,7,1,0
BRDA:101,7,2,0
BRDA:101,7,3,0
BRDA:108,8,0,0
BRDA:108,9,0,0
BRDA:108,9,1,0
BRDA:108,9,2,0
BRDA:108,9,3,0
BRDA:115,10,0,0
BRDA:115,11,0,0
BRDA:115,11,1,0
BRDA:122,12,0,0
BRDA:122,13,0,0
BRDA:122,13,1,0
BRDA:138,14,0,0
BRDA:138,14,1,0
BRDA:138,15,0,0
BRDA:138,15,1,0
BRDA:147,16,0,0
BRDA:157,17,0,0
BRF:30
BRH:0
end_of_record
TN:
SF:app\api\addresses\route.ts
FN:5,GET
FN:23,POST
FNF:2
FNH:0
FNDA:0,GET
FNDA:0,POST
DA:1,0
DA:2,0
DA:5,0
DA:6,0
DA:7,0
DA:8,0
DA:10,0
DA:11,0
DA:14,0
DA:15,0
DA:17,0
DA:18,0
DA:23,0
DA:24,0
DA:25,0
DA:26,0
DA:28,0
DA:31,0
DA:32,0
DA:34,0
DA:35,0
DA:37,0
DA:38,0
DA:40,0
DA:41,0
DA:42,0
DA:44,0
DA:45,0
DA:47,0
DA:48,0
DA:50,0
DA:51,0
DA:53,0
DA:54,0
DA:56,0
DA:57,0
DA:59,0
DA:60,0
DA:63,0
DA:75,0
DA:76,0
DA:78,0
DA:79,0
LF:43
LH:0
BRDA:10,0,0,0
BRDA:31,1,0,0
BRDA:34,2,0,0
BRDA:34,3,0,0
BRDA:34,3,1,0
BRDA:37,4,0,0
BRDA:37,5,0,0
BRDA:37,5,1,0
BRDA:41,6,0,0
BRDA:44,7,0,0
BRDA:44,8,0,0
BRDA:44,8,1,0
BRDA:47,9,0,0
BRDA:47,10,0,0
BRDA:47,10,1,0
BRDA:50,11,0,0
BRDA:50,12,0,0
BRDA:50,12,1,0
BRDA:53,13,0,0
BRDA:53,14,0,0
BRDA:53,14,1,0
BRDA:56,15,0,0
BRDA:56,16,0,0
BRDA:56,16,1,0
BRDA:59,17,0,0
BRDA:65,18,0,0
BRDA:65,18,1,0
BRDA:73,19,0,0
BRDA:73,19,1,0
BRF:29
BRH:0
end_of_record
TN:
SF:app\api\addresses\[id]\route.ts
FN:5,GET
FN:19,PATCH
FN:35,PUT
FN:81,DELETE
FNF:4
FNH:0
FNDA:0,GET
FNDA:0,PATCH
FNDA:0,PUT
FNDA:0,DELETE
DA:1,0
DA:2,0
DA:5,0
DA:6,0
DA:7,0
DA:8,0
DA:9,0
DA:11,0
DA:13,0
DA:14,0
DA:19,0
DA:20,0
DA:21,0
DA:22,0
DA:24,0
DA:26,0
DA:27,0
DA:29,0
DA:30,0
DA:35,0
DA:36,0
DA:37,0
DA:38,0
DA:40,0
DA:43,0
DA:44,0
DA:46,0
DA:47,0
DA:49,0
DA:50,0
DA:51,0
DA:53,0
DA:54,0
DA:56,0
DA:57,0
DA:59,0
DA:60,0
DA:62,0
DA:63,0
DA:65,0
DA:66,0
DA:68,0
DA:69,0
DA:72,0
DA:73,0
DA:75,0
DA:76,0
DA:81,0
DA:82,0
DA:83,0
DA:85,0
DA:86,0
DA:88,0
DA:89,0
LF:54
LH:0
BRDA:8,0,0,0
BRDA:43,1,0,0
BRDA:43,2,0,0
BRDA:43,2,1,0
BRDA:46,3,0,0
BRDA:46,4,0,0
BRDA:46,4,1,0
BRDA:50,5,0,0
BRDA:53,6,0,0
BRDA:53,7,0,0
BRDA:53,7,1,0
BRDA:56,8,0,0
BRDA:56,9,0,0
BRDA:56,9,1,0
BRDA:59,10,0,0
BRDA:59,11,0,0
BRDA:59,11,1,0
BRDA:62,12,0,0
BRDA:62,13,0,0
BRDA:62,13,1,0
BRDA:65,14,0,0
BRDA:65,15,0,0
BRDA:65,15,1,0
BRDA:68,16,0,0
BRDA:72,17,0,0
BRDA:72,17,1,0
BRDA:72,18,0,0
BRDA:72,18,1,0
BRF:28
BRH:0
end_of_record
TN:
SF:app\api\admin\backup-status\route.ts
FN:17,GET
FN:50,(anonymous_5)
FN:51,(anonymous_6)
FN:62,(anonymous_7)
FN:77,(anonymous_8)
FN:78,(anonymous_9)
FN:89,(anonymous_10)
FN:100,(anonymous_11)
FN:101,(anonymous_12)
FN:123,(anonymous_13)
FN:124,(anonymous_14)
FN:171,formatBytes
FNF:12
FNH:0
FNDA:0,GET
FNDA:0,(anonymous_5)
FNDA:0,(anonymous_6)
FNDA:0,(anonymous_7)
FNDA:0,(anonymous_8)
FNDA:0,(anonymous_9)
FNDA:0,(anonymous_10)
FNDA:0,(anonymous_11)
FNDA:0,(anonymous_12)
FNDA:0,(anonymous_13)
FNDA:0,(anonymous_14)
FNDA:0,formatBytes
DA:1,0
DA:2,0
DA:3,0
DA:4,0
DA:15,0
DA:17,0
DA:18,0
DA:20,0
DA:21,0
DA:23,0
DA:24,0
DA:27,0
DA:29,0
DA:30,0
DA:33,0
DA:34,0
DA:37,0
DA:38,0
DA:40,0
DA:41,0
DA:42,0
DA:43,0
DA:46,0
DA:47,0
DA:48,0
DA:49,0
DA:50,0
DA:52,0
DA:53,0
DA:54,0
DA:62,0
DA:64,0
DA:65,0
DA:68,0
DA:73,0
DA:74,0
DA:75,0
DA:76,0
DA:77,0
DA:79,0
DA:80,0
DA:81,0
DA:89,0
DA:91,0
DA:92,0
DA:95,0
DA:100,0
DA:101,0
DA:104,0
DA:105,0
DA:106,0
DA:108,0
DA:109,0
DA:110,0
DA:111,0
DA:114,0
DA:116,0
DA:120,0
DA:121,0
DA:123,0
DA:124,0
DA:126,0
DA:159,0
DA:160,0
DA:172,0
DA:174,0
DA:175,0
DA:176,0
DA:178,0
LF:69
LH:0
BRDA:23,0,0,0
BRDA:29,1,0,0
BRDA:46,2,0,0
BRDA:64,3,0,0
BRDA:73,4,0,0
BRDA:91,5,0,0
BRDA:151,6,0,0
BRDA:151,6,1,0
BRDA:152,7,0,0
BRDA:152,7,1,0
BRDA:153,8,0,0
BRDA:153,8,1,0
BRDA:153,9,0,0
BRDA:153,9,1,0
BRDA:172,10,0,0
BRF:15
BRH:0
end_of_record
TN:
SF:app\api\admin\data-management\delete-clients\route.ts
FN:5,DELETE
FN:75,(anonymous_2)
FNF:2
FNH:0
FNDA:0,DELETE
FNDA:0,(anonymous_2)
DA:1,0
DA:2,0
DA:3,0
DA:5,0
DA:6,0
DA:7,0
DA:10,0
DA:11,0
DA:13,0
DA:15,0
DA:16,0
DA:17,0
DA:20,0
DA:21,0
DA:23,0
DA:24,0
DA:25,0
DA:28,0
DA:30,0
DA:32,0
DA:35,0
DA:36,0
DA:41,0
DA:42,0
DA:43,0
DA:49,0
DA:51,0
DA:52,0
DA:53,0
DA:61,0
DA:62,0
DA:67,0
DA:68,0
DA:69,0
DA:75,0
DA:78,0
DA:79,0
DA:80,0
DA:85,0
DA:86,0
DA:90,0
DA:91,0
DA:96,0
DA:97,0
DA:102,0
DA:103,0
DA:108,0
DA:109,0
DA:112,0
DA:114,0
DA:116,0
DA:118,0
DA:119,0
DA:127,0
DA:128,0
DA:131,0
DA:132,0
DA:135,0
DA:137,0
DA:142,0
DA:143,0
DA:146,0
DA:147,0
DA:150,0
DA:157,0
DA:158,0
DA:159,0
LF:67
LH:0
BRDA:13,0,0,0
BRDA:13,0,1,0
BRDA:15,1,0,0
BRDA:23,2,0,0
BRDA:41,3,0,0
BRDA:49,4,0,0
BRDA:49,4,1,0
BRDA:51,5,0,0
BRDA:51,6,0,0
BRDA:51,6,1,0
BRDA:67,7,0,0
BRDA:75,8,0,0
BRDA:75,8,1,0
BRDA:78,9,0,0
BRDA:85,10,0,0
BRDA:96,11,0,0
BRDA:108,12,0,0
BRDA:114,13,0,0
BRDA:114,13,1,0
BRDA:114,14,0,0
BRDA:114,14,1,0
BRDA:127,15,0,0
BRDA:142,16,0,0
BRF:23
BRH:0
end_of_record
TN:
SF:app\api\admin\data-management\delete-products\route.ts
FN:5,DELETE
FNF:1
FNH:0
FNDA:0,DELETE
DA:1,0
DA:2,0
DA:3,0
DA:5,0
DA:6,0
DA:7,0
DA:10,0
DA:11,0
DA:13,0
DA:14,0
DA:15,0
DA:18,0
DA:20,0
DA:21,0
DA:22,0
DA:25,0
DA:27,0
DA:28,0
DA:29,0
DA:31,0
DA:32,0
DA:33,0
DA:40,0
DA:43,0
DA:44,0
DA:45,0
DA:47,0
DA:49,0
DA:51,0
DA:52,0
DA:53,0
DA:54,0
DA:55,0
DA:58,0
DA:59,0
DA:60,0
DA:61,0
DA:62,0
DA:65,0
DA:72,0
DA:73,0
LF:41
LH:0
BRDA:13,0,0,0
BRDA:20,1,0,0
BRDA:29,2,0,0
BRDA:29,2,1,0
BRDA:31,3,0,0
BRDA:45,4,0,0
BRDA:45,4,1,0
BRDA:49,5,0,0
BRDA:49,5,1,0
BRDA:53,6,0,0
BRDA:60,7,0,0
BRF:11
BRH:0
end_of_record
TN:
SF:app\api\admin\data-management\delete-sales\route.ts
FN:5,DELETE
FNF:1
FNH:0
FNDA:0,DELETE
DA:1,0
DA:2,0
DA:3,0
DA:5,0
DA:6,0
DA:7,0
DA:10,0
DA:11,0
DA:13,0
DA:14,0
DA:15,0
DA:18,0
DA:20,0
DA:21,0
DA:22,0
DA:25,0
DA:27,0
DA:29,0
DA:30,0
DA:32,0
DA:34,0
DA:35,0
DA:38,0
DA:39,0
DA:41,0
DA:44,0
DA:45,0
DA:46,0
DA:47,0
DA:50,0
DA:51,0
DA:52,0
DA:53,0
DA:60,0
DA:62,0
DA:73,0
DA:74,0
DA:78,0
DA:80,0
LF:39
LH:0
BRDA:13,0,0,0
BRDA:20,1,0,0
BRDA:35,2,0,0
BRDA:35,2,1,0
BRDA:39,3,0,0
BRDA:39,3,1,0
BRDA:46,4,0,0
BRDA:52,5,0,0
BRF:8
BRH:0
end_of_record
TN:
SF:app\api\admin\data-management\export-clients\route.ts
FN:5,GET
FN:18,(anonymous_5)
FNF:2
FNH:0
FNDA:0,GET
FNDA:0,(anonymous_5)
DA:1,0
DA:2,0
DA:3,0
DA:5,0
DA:6,0
DA:7,0
DA:10,0
DA:11,0
DA:16,0
DA:18,0
DA:34,0
DA:37,0
DA:38,0
DA:41,0
DA:56,0
DA:58,0
DA:61,0
DA:63,0
DA:66,0
DA:74,0
DA:75,0
LF:21
LH:0
BRDA:16,0,0,0
BRDA:18,1,0,0
BRDA:18,1,1,0
BRDA:19,2,0,0
BRDA:19,2,1,0
BRDA:20,3,0,0
BRDA:20,3,1,0
BRDA:21,4,0,0
BRDA:21,4,1,0
BRDA:22,5,0,0
BRDA:22,5,1,0
BRDA:23,6,0,0
BRDA:23,6,1,0
BRDA:24,7,0,0
BRDA:24,7,1,0
BRDA:25,8,0,0
BRDA:25,8,1,0
BRDA:26,9,0,0
BRDA:26,9,1,0
BRDA:27,10,0,0
BRDA:27,10,1,0
BRDA:28,11,0,0
BRDA:28,11,1,0
BRDA:29,12,0,0
BRDA:29,12,1,0
BRDA:30,13,0,0
BRDA:30,13,1,0
BRDA:31,14,0,0
BRDA:31,14,1,0
BRF:29
BRH:0
end_of_record
TN:
SF:app\api\admin\data-management\export-products\route.ts
FN:5,GET
FN:17,(anonymous_5)
FNF:2
FNH:0
FNDA:0,GET
FNDA:0,(anonymous_5)
DA:1,0
DA:2,0
DA:3,0
DA:5,0
DA:6,0
DA:7,0
DA:10,0
DA:11,0
DA:15,0
DA:17,0
DA:28,0
DA:31,0
DA:32,0
DA:35,0
DA:45,0
DA:47,0
DA:50,0
DA:52,0
DA:55,0
DA:63,0
DA:64,0
LF:21
LH:0
BRDA:15,0,0,0
BRDA:17,1,0,0
BRDA:17,1,1,0
BRDA:18,2,0,0
BRDA:18,2,1,0
BRDA:19,3,0,0
BRDA:19,3,1,0
BRDA:20,4,0,0
BRDA:20,4,1,0
BRDA:21,5,0,0
BRDA:21,5,1,0
BRDA:22,6,0,0
BRDA:22,6,1,0
BRDA:23,7,0,0
BRDA:23,7,1,0
BRDA:24,8,0,0
BRDA:24,8,1,0
BRDA:25,9,0,0
BRDA:25,9,1,0
BRF:19
BRH:0
end_of_record
TN:
SF:app\api\admin\data-management\import-clients\route.ts
FN:5,POST
FNF:1
FNH:0
FNDA:0,POST
DA:1,0
DA:2,0
DA:3,0
DA:5,0
DA:6,0
DA:7,0
DA:9,0
DA:10,0
DA:12,0
DA:13,0
DA:17,0
DA:23,0
DA:24,0
DA:29,0
DA:30,0
DA:31,0
DA:32,0
DA:33,0
DA:35,0
DA:37,0
DA:38,0
DA:40,0
DA:41,0
DA:42,0
DA:43,0
DA:45,0
DA:47,0
DA:48,0
DA:49,0
DA:53,0
DA:54,0
DA:55,0
DA:56,0
DA:60,0
DA:65,0
DA:67,0
DA:68,0
DA:70,0
DA:74,0
DA:77,0
DA:78,0
DA:94,0
DA:99,0
DA:104,0
DA:105,0
DA:108,0
DA:109,0
DA:122,0
DA:126,0
DA:129,0
DA:130,0
DA:134,0
DA:136,0
DA:143,0
DA:144,0
LF:55
LH:0
BRDA:12,0,0,0
BRDA:23,1,0,0
BRDA:23,2,0,0
BRDA:23,2,1,0
BRDA:23,2,2,0
BRDA:23,2,3,0
BRDA:47,3,0,0
BRDA:47,4,0,0
BRDA:47,4,1,0
BRDA:54,5,0,0
BRDA:65,6,0,0
BRDA:67,7,0,0
BRDA:67,7,1,0
BRDA:72,8,0,0
BRDA:72,8,1,0
BRDA:74,9,0,0
BRDA:77,10,0,0
BRDA:77,11,0,0
BRDA:77,11,1,0
BRDA:83,12,0,0
BRDA:83,12,1,0
BRDA:84,13,0,0
BRDA:84,13,1,0
BRDA:86,14,0,0
BRDA:86,14,1,0
BRDA:87,15,0,0
BRDA:87,15,1,0
BRDA:88,16,0,0
BRDA:88,16,1,0
BRDA:94,17,0,0
BRDA:101,18,0,0
BRDA:101,18,1,0
BRDA:104,19,0,0
BRDA:108,20,0,0
BRDA:108,21,0,0
BRDA:108,21,1,0
BRDA:114,22,0,0
BRDA:114,22,1,0
BRDA:115,23,0,0
BRDA:115,23,1,0
BRDA:117,24,0,0
BRDA:117,24,1,0
BRDA:118,25,0,0
BRDA:118,25,1,0
BRDA:119,26,0,0
BRDA:119,26,1,0
BRDA:122,27,0,0
BRDA:130,28,0,0
BRDA:130,28,1,0
BRDA:139,29,0,0
BRDA:139,29,1,0
BRF:51
BRH:0
end_of_record
TN:
SF:app\api\admin\debug\route.ts
FN:7,GET
FN:56,(anonymous_7)
FNF:2
FNH:0
FNDA:0,GET
FNDA:0,(anonymous_7)
DA:1,0
DA:2,0
DA:5,0
DA:7,0
DA:8,0
DA:14,0
DA:16,0
DA:25,0
DA:26,0
DA:28,0
DA:34,0
DA:35,0
DA:36,0
DA:37,0
DA:38,0
DA:45,0
DA:50,0
DA:55,0
DA:56,0
DA:57,0
DA:58,0
DA:59,0
DA:65,0
DA:71,0
DA:78,0
LF:25
LH:0
BRDA:31,0,0,0
BRDA:31,0,1,0
BRDA:34,1,0,0
BRDA:38,2,0,0
BRDA:38,2,1,0
BRDA:61,3,0,0
BRDA:61,3,1,0
BRDA:62,4,0,0
BRDA:62,4,1,0
BRF:9
BRH:0
end_of_record
TN:
SF:app\api\admin\delivery-zones\route.ts
FN:21,GET
FN:49,(anonymous_5)
FN:58,(anonymous_6)
FN:81,POST
FN:135,(anonymous_8)
FNF:5
FNH:0
FNDA:0,GET
FNDA:0,(anonymous_5)
FNDA:0,(anonymous_6)
FNDA:0,POST
FNDA:0,(anonymous_8)
DA:1,0
DA:2,0
DA:3,0
DA:5,0
DA:21,0
DA:22,0
DA:23,0
DA:24,0
DA:26,0
DA:27,0
DA:30,0
DA:31,0
DA:32,0
DA:35,0
DA:37,0
DA:38,0
DA:42,0
DA:45,0
DA:48,0
DA:49,0
DA:50,0
DA:51,0
DA:52,0
DA:53,0
DA:56,0
DA:58,0
DA:63,0
DA:65,0
DA:72,0
DA:73,0
DA:81,0
DA:82,0
DA:83,0
DA:84,0
DA:86,0
DA:87,0
DA:90,0
DA:91,0
DA:92,0
DA:104,0
DA:106,0
DA:109,0
DA:110,0
DA:113,0
DA:114,0
DA:117,0
DA:118,0
DA:121,0
DA:122,0
DA:125,0
DA:126,0
DA:130,0
DA:131,0
DA:135,0
DA:136,0
DA:140,0
DA:141,0
DA:147,0
DA:161,0
DA:163,0
DA:165,0
DA:172,0
DA:173,0
LF:63
LH:0
BRDA:26,0,0,0
BRDA:31,1,0,0
BRDA:42,2,0,0
BRDA:49,3,0,0
BRDA:49,3,1,0
BRDA:51,4,0,0
BRDA:53,5,0,0
BRDA:58,6,0,0
BRDA:58,6,1,0
BRDA:60,7,0,0
BRDA:60,7,1,0
BRDA:86,8,0,0
BRDA:91,9,0,0
BRDA:103,10,0,0
BRDA:109,11,0,0
BRDA:109,12,0,0
BRDA:109,12,1,0
BRDA:113,13,0,0
BRDA:117,14,0,0
BRDA:121,15,0,0
BRDA:125,16,0,0
BRDA:135,17,0,0
BRDA:135,17,1,0
BRDA:136,18,0,0
BRDA:136,18,1,0
BRDA:136,18,2,0
BRDA:136,18,3,0
BRDA:136,18,4,0
BRDA:136,18,5,0
BRDA:140,19,0,0
BRDA:155,20,0,0
BRDA:155,20,1,0
BRDA:156,21,0,0
BRDA:156,21,1,0
BRDA:161,22,0,0
BRF:35
BRH:0
end_of_record
TN:
SF:app\api\admin\delivery-zones\[id]\route.ts
FN:7,GET
FN:52,(anonymous_6)
FN:53,(anonymous_7)
FN:54,(anonymous_8)
FN:83,PUT
FN:164,(anonymous_10)
FN:229,DELETE
FNF:7
FNH:0
FNDA:0,GET
FNDA:0,(anonymous_6)
FNDA:0,(anonymous_7)
FNDA:0,(anonymous_8)
FNDA:0,PUT
FNDA:0,(anonymous_10)
FNDA:0,DELETE
DA:1,0
DA:2,0
DA:3,0
DA:5,0
DA:7,0
DA:11,0
DA:12,0
DA:13,0
DA:15,0
DA:16,0
DA:19,0
DA:20,0
DA:21,0
DA:25,0
DA:26,0
DA:27,0
DA:30,0
DA:32,0
DA:33,0
DA:38,0
DA:40,0
DA:41,0
DA:45,0
DA:49,0
DA:51,0
DA:52,0
DA:53,0
DA:54,0
DA:55,0
DA:56,0
DA:57,0
DA:60,0
DA:74,0
DA:75,0
DA:83,0
DA:87,0
DA:88,0
DA:89,0
DA:91,0
DA:92,0
DA:95,0
DA:96,0
DA:97,0
DA:101,0
DA:102,0
DA:103,0
DA:115,0
DA:117,0
DA:119,0
DA:120,0
DA:125,0
DA:127,0
DA:128,0
DA:132,0
DA:133,0
DA:136,0
DA:137,0
DA:140,0
DA:141,0
DA:144,0
DA:145,0
DA:148,0
DA:149,0
DA:153,0
DA:154,0
DA:155,0
DA:156,0
DA:158,0
DA:164,0
DA:165,0
DA:166,0
DA:167,0
DA:172,0
DA:173,0
DA:179,0
DA:180,0
DA:181,0
DA:182,0
DA:183,0
DA:184,0
DA:185,0
DA:186,0
DA:187,0
DA:189,0
DA:190,0
DA:193,0
DA:194,0
DA:200,0
DA:203,0
DA:204,0
DA:208,0
DA:211,0
DA:213,0
DA:220,0
DA:221,0
DA:229,0
DA:233,0
DA:234,0
DA:235,0
DA:237,0
DA:238,0
DA:241,0
DA:242,0
DA:243,0
DA:247,0
DA:248,0
DA:249,0
DA:252,0
DA:254,0
DA:255,0
DA:260,0
DA:262,0
DA:263,0
DA:266,0
DA:269,0
DA:273,0
DA:275,0
DA:276,0
DA:282,0
DA:286,0
DA:289,0
DA:293,0
DA:294,0
DA:297,0
DA:299,0
DA:306,0
DA:307,0
LF:127
LH:0
BRDA:15,0,0,0
BRDA:20,1,0,0
BRDA:26,2,0,0
BRDA:38,3,0,0
BRDA:40,4,0,0
BRDA:49,5,0,0
BRDA:51,6,0,0
BRDA:51,6,1,0
BRDA:52,7,0,0
BRDA:52,7,1,0
BRDA:53,8,0,0
BRDA:53,8,1,0
BRDA:53,9,0,0
BRDA:53,9,1,0
BRDA:53,10,0,0
BRDA:53,10,1,0
BRDA:54,11,0,0
BRDA:54,11,1,0
BRDA:56,12,0,0
BRDA:57,13,0,0
BRDA:57,13,1,0
BRDA:57,14,0,0
BRDA:57,14,1,0
BRDA:67,15,0,0
BRDA:67,15,1,0
BRDA:91,16,0,0
BRDA:96,17,0,0
BRDA:102,18,0,0
BRDA:125,19,0,0
BRDA:127,20,0,0
BRDA:132,21,0,0
BRDA:132,22,0,0
BRDA:132,22,1,0
BRDA:136,23,0,0
BRDA:136,24,0,0
BRDA:136,24,1,0
BRDA:140,25,0,0
BRDA:140,26,0,0
BRDA:140,26,1,0
BRDA:140,26,2,0
BRDA:144,27,0,0
BRDA:144,28,0,0
BRDA:144,28,1,0
BRDA:148,29,0,0
BRDA:148,30,0,0
BRDA:148,30,1,0
BRDA:153,31,0,0
BRDA:153,32,0,0
BRDA:153,32,1,0
BRDA:155,33,0,0
BRDA:155,33,1,0
BRDA:156,34,0,0
BRDA:156,34,1,0
BRDA:164,35,0,0
BRDA:164,35,1,0
BRDA:167,36,0,0
BRDA:167,36,1,0
BRDA:167,36,2,0
BRDA:167,36,3,0
BRDA:167,36,4,0
BRDA:167,36,5,0
BRDA:172,37,0,0
BRDA:180,38,0,0
BRDA:181,39,0,0
BRDA:182,40,0,0
BRDA:183,41,0,0
BRDA:184,42,0,0
BRDA:185,43,0,0
BRDA:186,44,0,0
BRDA:187,45,0,0
BRDA:189,46,0,0
BRDA:200,47,0,0
BRDA:203,48,0,0
BRDA:203,49,0,0
BRDA:203,49,1,0
BRDA:237,50,0,0
BRDA:242,51,0,0
BRDA:248,52,0,0
BRDA:260,53,0,0
BRDA:262,54,0,0
BRDA:273,55,0,0
BRDA:273,55,1,0
BRDA:275,56,0,0
BRDA:286,57,0,0
BRDA:286,57,1,0
BRDA:293,58,0,0
BRF:86
BRH:0
end_of_record
TN:
SF:app\api\admin\delivery\reports\route.ts
FN:6,GET
FN:57,(anonymous_2)
FN:66,(anonymous_3)
FN:90,(anonymous_4)
FNF:4
FNH:0
FNDA:0,GET
FNDA:0,(anonymous_2)
FNDA:0,(anonymous_3)
FNDA:0,(anonymous_4)
DA:1,0
DA:2,0
DA:3,0
DA:4,0
DA:6,0
DA:7,0
DA:8,0
DA:9,0
DA:10,0
DA:12,0
DA:14,0
DA:15,0
DA:17,0
DA:18,0
DA:24,0
DA:25,0
DA:26,0
DA:32,0
DA:35,0
DA:42,0
DA:43,0
DA:45,0
DA:46,0
DA:48,0
DA:49,0
DA:52,0
DA:53,0
DA:56,0
DA:57,0
DA:60,0
DA:61,0
DA:62,0
DA:66,0
DA:67,0
DA:68,0
DA:83,0
DA:90,0
DA:91,0
DA:92,0
DA:93,0
DA:94,0
DA:97,0
DA:98,0
DA:111,0
DA:121,0
DA:122,0
DA:126,0
DA:128,0
DA:145,0
DA:146,0
DA:152,0
DA:158,0
LF:52
LH:0
BRDA:17,0,0,0
BRDA:25,1,0,0
BRDA:42,2,0,0
BRDA:45,3,0,0
BRDA:48,4,0,0
BRDA:48,5,0,0
BRDA:48,5,1,0
BRDA:53,6,0,0
BRDA:57,7,0,0
BRDA:57,7,1,0
BRDA:61,8,0,0
BRDA:61,8,1,0
BRDA:66,9,0,0
BRDA:66,9,1,0
BRDA:66,10,0,0
BRDA:66,10,1,0
BRDA:66,11,0,0
BRDA:66,11,1,0
BRDA:66,12,0,0
BRDA:66,12,1,0
BRDA:66,13,0,0
BRDA:66,13,1,0
BRDA:84,14,0,0
BRDA:84,14,1,0
BRDA:92,15,0,0
BRDA:97,16,0,0
BRDA:132,17,0,0
BRDA:132,17,1,0
BRDA:145,18,0,0
BRDA:145,18,1,0
BRF:30
BRH:0
end_of_record
TN:
SF:app\api\admin\geolocation\settings\route.ts
FN:9,GET
FN:33,(anonymous_5)
FN:53,PUT
FN:73,(anonymous_7)
FN:77,(anonymous_8)
FN:81,(anonymous_9)
FN:85,(anonymous_10)
FN:89,(anonymous_11)
FNF:8
FNH:0
FNDA:0,GET
FNDA:0,(anonymous_5)
FNDA:0,PUT
FNDA:0,(anonymous_7)
FNDA:0,(anonymous_8)
FNDA:0,(anonymous_9)
FNDA:0,(anonymous_10)
FNDA:0,(anonymous_11)
DA:1,0
DA:2,0
DA:3,0
DA:5,0
DA:9,0
DA:10,0
DA:11,0
DA:12,0
DA:14,0
DA:15,0
DA:18,0
DA:19,0
DA:20,0
DA:23,0
DA:25,0
DA:26,0
DA:31,0
DA:32,0
DA:33,0
DA:35,0
DA:37,0
DA:44,0
DA:45,0
DA:53,0
DA:54,0
DA:55,0
DA:56,0
DA:58,0
DA:59,0
DA:62,0
DA:63,0
DA:64,0
DA:67,0
DA:69,0
DA:72,0
DA:74,0
DA:75,0
DA:78,0
DA:79,0
DA:82,0
DA:83,0
DA:86,0
DA:87,0
DA:90,0
DA:96,0
DA:97,0
DA:98,0
DA:104,0
DA:106,0
DA:107,0
DA:108,0
DA:113,0
DA:116,0
DA:119,0
DA:120,0
DA:121,0
DA:124,0
DA:131,0
DA:132,0
LF:59
LH:0
BRDA:14,0,0,0
BRDA:19,1,0,0
BRDA:31,2,0,0
BRDA:33,3,0,0
BRDA:33,3,1,0
BRDA:40,4,0,0
BRDA:40,4,1,0
BRDA:58,5,0,0
BRDA:63,6,0,0
BRDA:75,7,0,0
BRDA:75,7,1,0
BRDA:75,7,2,0
BRDA:79,8,0,0
BRDA:79,8,1,0
BRDA:79,8,2,0
BRDA:83,9,0,0
BRDA:83,9,1,0
BRDA:83,9,2,0
BRDA:87,10,0,0
BRDA:87,10,1,0
BRDA:91,11,0,0
BRDA:91,11,1,0
BRDA:91,11,2,0
BRDA:97,12,0,0
BRDA:97,13,0,0
BRDA:97,13,1,0
BRDA:113,14,0,0
BRDA:119,15,0,0
BRDA:119,16,0,0
BRDA:119,16,1,0
BRF:30
BRH:0
end_of_record
TN:
SF:app\api\admin\geolocation\setup\route.ts
FN:6,POST
FN:7,(anonymous_2)
FNF:2
FNH:0
FNDA:0,POST
FNDA:0,(anonymous_2)
DA:1,0
DA:2,0
DA:3,0
DA:4,0
DA:6,0
DA:7,0
DA:8,0
DA:9,0
DA:10,0
DA:12,0
DA:15,0
DA:16,0
DA:22,0
DA:25,0
DA:26,0
DA:28,0
DA:29,0
DA:30,0
DA:32,0
DA:35,0
DA:39,0
DA:50,0
DA:51,0
DA:55,0
DA:58,0
DA:66,0
DA:67,0
DA:69,0
DA:70,0
DA:71,0
DA:75,0
DA:77,0
DA:81,0
DA:82,0
DA:84,0
DA:96,0
DA:98,0
DA:104,0
DA:107,0
DA:109,0
DA:115,0
LF:41
LH:0
BRDA:26,0,0,0
BRDA:26,0,1,0
BRDA:26,1,0,0
BRDA:26,1,1,0
BRDA:28,2,0,0
BRDA:28,2,1,0
BRDA:28,3,0,0
BRDA:28,3,1,0
BRDA:67,4,0,0
BRDA:67,4,1,0
BRDA:69,5,0,0
BRDA:69,5,1,0
BRDA:88,6,0,0
BRDA:88,6,1,0
BRDA:89,7,0,0
BRDA:89,7,1,0
BRF:16
BRH:0
end_of_record
TN:
SF:app\api\admin\password\route.ts
FN:10,PATCH
FN:11,(anonymous_5)
FNF:2
FNH:0
FNDA:0,PATCH
FNDA:0,(anonymous_5)
DA:1,0
DA:2,0
DA:3,0
DA:4,0
DA:5,0
DA:8,0
DA:10,0
DA:11,0
DA:12,0
DA:14,0
DA:16,0
DA:17,0
DA:20,0
DA:21,0
DA:24,0
DA:25,0
DA:31,0
DA:33,0
DA:34,0
DA:38,0
DA:41,0
DA:43,0
DA:44,0
DA:47,0
DA:51,0
DA:53,0
DA:58,0
DA:60,0
DA:65,0
DA:67,0
DA:72,0
LF:31
LH:0
BRDA:16,0,0,0
BRDA:16,1,0,0
BRDA:16,1,1,0
BRDA:20,2,0,0
BRDA:31,3,0,0
BRDA:33,4,0,0
BRDA:41,5,0,0
BRDA:41,5,1,0
BRDA:43,6,0,0
BRDA:58,7,0,0
BRF:10
BRH:0
end_of_record
TN:
SF:app\api\admin\profile\route.ts
FN:9,GET
FN:10,(anonymous_5)
FN:70,PUT
FN:71,(anonymous_7)
FNF:4
FNH:0
FNDA:0,GET
FNDA:0,(anonymous_5)
FNDA:0,PUT
FNDA:0,(anonymous_7)
DA:1,0
DA:2,0
DA:3,0
DA:4,0
DA:7,0
DA:9,0
DA:10,0
DA:11,0
DA:12,0
DA:13,0
DA:16,0
DA:17,0
DA:18,0
DA:24,0
DA:26,0
DA:30,0
DA:31,0
DA:32,0
DA:36,0
DA:39,0
DA:40,0
DA:44,0
DA:50,0
DA:55,0
DA:61,0
DA:70,0
DA:71,0
DA:72,0
DA:73,0
DA:74,0
DA:76,0
DA:77,0
DA:79,0
DA:82,0
DA:83,0
DA:87,0
DA:88,0
DA:89,0
DA:96,0
DA:98,0
DA:99,0
DA:100,0
DA:104,0
DA:106,0
DA:107,0
DA:112,0
DA:119,0
DA:124,0
DA:130,0
LF:49
LH:0
BRDA:24,0,0,0
BRDA:30,1,0,0
BRDA:82,2,0,0
BRDA:82,3,0,0
BRDA:82,3,1,0
BRDA:91,4,0,0
BRDA:91,4,1,0
BRDA:96,5,0,0
BRDA:98,6,0,0
BRF:9
BRH:0
end_of_record
TN:
SF:app\api\admin\register\route.ts
FN:5,POST
FNF:1
FNH:0
FNDA:0,POST
DA:1,0
DA:2,0
DA:3,0
DA:5,0
DA:6,0
DA:7,0
DA:10,0
DA:11,0
DA:14,0
DA:15,0
DA:19,0
DA:20,0
DA:21,0
DA:22,0
DA:28,0
DA:29,0
DA:30,0
DA:33,0
DA:34,0
DA:37,0
DA:38,0
DA:47,0
DA:49,0
DA:50,0
DA:54,0
DA:61,0
DA:62,0
DA:65,0
DA:67,0
DA:77,0
DA:78,0
LF:31
LH:0
BRDA:10,0,0,0
BRDA:10,1,0,0
BRDA:10,1,1,0
BRDA:10,1,2,0
BRDA:14,2,0,0
BRDA:28,3,0,0
BRDA:28,4,0,0
BRDA:28,4,1,0
BRDA:30,5,0,0
BRDA:30,5,1,0
BRDA:30,5,2,0
BRDA:37,6,0,0
BRDA:49,7,0,0
BRDA:61,8,0,0
BRF:14
BRH:0
end_of_record
TN:
SF:app\api\admin\settings\route.ts
FN:9,GET
FN:10,(anonymous_5)
FN:31,(anonymous_6)
FN:59,POST
FN:60,(anonymous_8)
FN:108,(anonymous_9)
FNF:6
FNH:0
FNDA:0,GET
FNDA:0,(anonymous_5)
FNDA:0,(anonymous_6)
FNDA:0,POST
FNDA:0,(anonymous_8)
FNDA:0,(anonymous_9)
DA:1,0
DA:2,0
DA:3,0
DA:4,0
DA:6,0
DA:9,0
DA:10,0
DA:11,0
DA:12,0
DA:13,0
DA:15,0
DA:16,0
DA:18,0
DA:23,0
DA:24,0
DA:25,0
DA:28,0
DA:31,0
DA:32,0
DA:33,0
DA:36,0
DA:38,0
DA:45,0
DA:46,0
DA:50,0
DA:59,0
DA:60,0
DA:61,0
DA:62,0
DA:63,0
DA:65,0
DA:66,0
DA:67,0
DA:69,0
DA:70,0
DA:71,0
DA:74,0
DA:75,0
DA:76,0
DA:78,0
DA:89,0
DA:90,0
DA:91,0
DA:93,0
DA:94,0
DA:97,0
DA:98,0
DA:102,0
DA:104,0
DA:108,0
DA:111,0
DA:112,0
DA:121,0
DA:129,0
DA:130,0
DA:134,0
LF:56
LH:0
BRDA:23,0,0,0
BRDA:28,1,0,0
BRDA:28,1,1,0
BRDA:31,2,0,0
BRDA:31,2,1,0
BRDA:41,3,0,0
BRDA:41,3,1,0
BRDA:89,4,0,0
BRDA:89,4,1,0
BRDA:111,5,0,0
BRF:10
BRH:0
end_of_record
TN:
SF:app\api\audit-complete\route.ts
FN:4,GET
FN:147,(anonymous_4)
FN:188,(anonymous_5)
FN:190,(anonymous_6)
FN:238,POST
FNF:5
FNH:0
FNDA:0,GET
FNDA:0,(anonymous_4)
FNDA:0,(anonymous_5)
FNDA:0,(anonymous_6)
FNDA:0,POST
DA:1,0
DA:2,0
DA:4,0
DA:5,0
DA:6,0
DA:8,0
DA:30,0
DA:31,0
DA:32,0
DA:33,0
DA:34,0
DA:35,0
DA:38,0
DA:39,0
DA:43,0
DA:44,0
DA:47,0
DA:50,0
DA:53,0
DA:63,0
DA:64,0
DA:65,0
DA:66,0
DA:70,0
DA:71,0
DA:73,0
DA:81,0
DA:82,0
DA:85,0
DA:96,0
DA:101,0
DA:102,0
DA:103,0
DA:104,0
DA:108,0
DA:109,0
DA:111,0
DA:119,0
DA:120,0
DA:123,0
DA:134,0
DA:141,0
DA:142,0
DA:143,0
DA:144,0
DA:147,0
DA:148,0
DA:151,0
DA:153,0
DA:155,0
DA:161,0
DA:171,0
DA:172,0
DA:174,0
DA:175,0
DA:176,0
DA:177,0
DA:180,0
DA:181,0
DA:184,0
DA:185,0
DA:188,0
DA:189,0
DA:190,0
DA:193,0
DA:194,0
DA:198,0
DA:199,0
DA:200,0
DA:201,0
DA:202,0
DA:203,0
DA:204,0
DA:207,0
DA:224,0
DA:226,0
DA:238,0
DA:239,0
DA:240,0
DA:242,0
DA:243,0
DA:246,0
DA:274,0
DA:275,0
DA:276,0
DA:279,0
DA:280,0
DA:282,0
DA:287,0
DA:295,0
DA:296,0
DA:299,0
DA:300,0
DA:302,0
DA:306,0
DA:309,0
DA:310,0
DA:313,0
DA:318,0
DA:321,0
DA:326,0
DA:328,0
DA:329,0
DA:331,0
DA:334,0
DA:342,0
DA:344,0
LF:107
LH:0
BRDA:33,0,0,0
BRDA:66,1,0,0
BRDA:66,1,1,0
BRDA:70,2,0,0
BRDA:70,2,1,0
BRDA:81,3,0,0
BRDA:104,4,0,0
BRDA:104,4,1,0
BRDA:108,5,0,0
BRDA:108,5,1,0
BRDA:119,6,0,0
BRDA:153,7,0,0
BRDA:157,8,0,0
BRDA:157,8,1,0
BRDA:158,9,0,0
BRDA:158,9,1,0
BRDA:158,10,0,0
BRDA:158,10,1,0
BRDA:177,11,0,0
BRDA:177,11,1,0
BRDA:180,12,0,0
BRDA:184,13,0,0
BRDA:189,14,0,0
BRDA:193,15,0,0
BRDA:199,16,0,0
BRDA:199,16,1,0
BRDA:199,17,0,0
BRDA:199,17,1,0
BRDA:201,18,0,0
BRDA:201,18,1,0
BRDA:203,19,0,0
BRDA:318,20,0,0
BRDA:326,21,0,0
BRF:33
BRH:0
end_of_record
TN:
SF:app\api\auth\debug\route.ts
FN:9,POST
FNF:1
FNH:0
FNDA:0,POST
DA:1,0
DA:2,0
DA:3,0
DA:5,0
DA:7,0
DA:9,0
DA:10,0
DA:11,0
DA:13,0
DA:14,0
DA:16,0
DA:17,0
DA:24,0
DA:25,0
DA:28,0
DA:29,0
DA:35,0
DA:36,0
DA:37,0
DA:44,0
DA:45,0
DA:52,0
DA:55,0
DA:60,0
DA:61,0
DA:62,0
DA:72,0
DA:75,0
DA:76,0
DA:78,0
DA:90,0
DA:91,0
DA:92,0
DA:105,0
DA:110,0
DA:112,0
DA:125,0
DA:126,0
LF:38
LH:0
BRDA:16,0,0,0
BRDA:16,1,0,0
BRDA:16,1,1,0
BRDA:35,2,0,0
BRDA:44,3,0,0
BRDA:60,4,0,0
BRDA:84,5,0,0
BRDA:84,5,1,0
BRDA:90,6,0,0
BRF:9
BRH:0
end_of_record
TN:
SF:app\api\auth\login\route.ts
FN:18,GET
FN:23,loginHandler
FN:40,(anonymous_8)
FN:41,(anonymous_9)
FN:243,OPTIONS
FNF:5
FNH:0
FNDA:0,GET
FNDA:0,loginHandler
FNDA:0,(anonymous_8)
FNDA:0,(anonymous_9)
FNDA:0,OPTIONS
DA:1,0
DA:2,0
DA:3,0
DA:4,0
DA:5,0
DA:7,0
DA:8,0
DA:9,0
DA:10,0
DA:11,0
DA:12,0
DA:13,0
DA:14,0
DA:16,0
DA:18,0
DA:19,0
DA:27,0
DA:28,0
DA:31,0
DA:39,0
DA:40,0
DA:41,0
DA:43,0
DA:44,0
DA:45,0
DA:51,0
DA:59,0
DA:61,0
DA:66,0
DA:71,0
DA:72,0
DA:73,0
DA:78,0
DA:80,0
DA:81,0
DA:84,0
DA:90,0
DA:98,0
DA:99,0
DA:101,0
DA:107,0
DA:108,0
DA:111,0
DA:118,0
DA:121,0
DA:134,0
DA:139,0
DA:144,0
DA:147,0
DA:155,0
DA:169,0
DA:170,0
DA:171,0
DA:172,0
DA:174,0
DA:178,0
DA:190,0
DA:193,0
DA:194,0
DA:204,0
DA:212,0
DA:241,0
DA:243,0
DA:244,0
DA:245,0
DA:247,0
DA:248,0
DA:259,0
LF:68
LH:0
BRDA:43,0,0,0
BRDA:43,1,0,0
BRDA:43,1,1,0
BRDA:62,2,0,0
BRDA:62,2,1,0
BRDA:78,3,0,0
BRDA:80,4,0,0
BRDA:107,5,0,0
BRDA:127,6,0,0
BRDA:127,6,1,0
BRDA:130,7,0,0
BRDA:130,7,1,0
BRDA:149,8,0,0
BRDA:149,8,1,0
BRDA:161,9,0,0
BRDA:161,9,1,0
BRDA:190,10,0,0
BRDA:190,10,1,0
BRDA:193,11,0,0
BRDA:247,12,0,0
BRF:20
BRH:0
end_of_record
TN:
SF:app\api\auth\login-simple\route.ts
FN:10,POST
FN:120,OPTIONS
FNF:2
FNH:0
FNDA:0,POST
FNDA:0,OPTIONS
DA:1,0
DA:2,0
DA:3,0
DA:5,0
DA:6,0
DA:8,0
DA:10,0
DA:11,0
DA:12,0
DA:15,0
DA:16,0
DA:17,0
DA:18,0
DA:24,0
DA:25,0
DA:28,0
DA:29,0
DA:35,0
DA:40,0
DA:41,0
DA:47,0
DA:48,0
DA:49,0
DA:55,0
DA:56,0
DA:63,0
DA:65,0
DA:66,0
DA:84,0
DA:90,0
DA:104,0
DA:105,0
DA:106,0
DA:107,0
DA:109,0
DA:112,0
DA:113,0
DA:120,0
DA:121,0
DA:123,0
DA:124,0
DA:135,0
LF:42
LH:0
BRDA:16,0,0,0
BRDA:16,1,0,0
BRDA:16,1,1,0
BRDA:28,2,0,0
BRDA:28,3,0,0
BRDA:28,3,1,0
BRDA:47,4,0,0
BRDA:55,5,0,0
BRDA:65,6,0,0
BRDA:77,7,0,0
BRDA:77,7,1,0
BRDA:80,8,0,0
BRDA:80,8,1,0
BRDA:86,9,0,0
BRDA:86,9,1,0
BRDA:96,10,0,0
BRDA:96,10,1,0
BRDA:123,11,0,0
BRF:18
BRH:0
end_of_record
TN:
SF:app\api\auth\logout\route.ts
FN:23,POST
FN:26,(anonymous_5)
FN:88,GET
FNF:3
FNH:0
FNDA:0,POST
FNDA:0,(anonymous_5)
FNDA:0,GET
DA:2,0
DA:3,0
DA:4,0
DA:5,0
DA:6,0
DA:9,0
DA:10,0
DA:11,0
DA:12,0
DA:15,0
DA:19,0
DA:21,0
DA:23,0
DA:24,0
DA:25,0
DA:26,0
DA:28,0
DA:29,0
DA:32,0
DA:33,0
DA:35,0
DA:37,0
DA:38,0
DA:41,0
DA:42,0
DA:43,0
DA:45,0
DA:47,0
DA:48,0
DA:54,0
DA:55,0
DA:62,0
DA:69,0
DA:75,0
DA:80,0
DA:88,0
DA:89,0
LF:37
LH:0
BRDA:10,0,0,0
BRDA:11,1,0,0
BRDA:26,2,0,0
BRDA:32,3,0,0
BRDA:35,4,0,0
BRDA:35,4,1,0
BRDA:37,5,0,0
BRDA:37,6,0,0
BRDA:37,6,1,0
BRDA:45,7,0,0
BRDA:45,7,1,0
BRDA:45,8,0,0
BRDA:45,8,1,0
BRF:13
BRH:0
end_of_record
TN:
SF:app\api\auth\refresh\route.ts
FN:8,POST
FN:72,GET
FNF:2
FNH:0
FNDA:0,POST
FNDA:0,GET
DA:1,0
DA:2,0
DA:3,0
DA:4,0
DA:6,0
DA:8,0
DA:9,0
DA:11,0
DA:13,0
DA:15,0
DA:16,0
DA:18,0
DA:19,0
DA:22,0
DA:27,0
DA:34,0
DA:36,0
DA:37,0
DA:42,0
DA:48,0
DA:53,0
DA:59,0
DA:64,0
DA:72,0
DA:73,0
DA:74,0
DA:76,0
DA:77,0
DA:84,0
DA:86,0
DA:91,0
DA:95,0
LF:32
LH:0
BRDA:13,0,0,0
BRDA:15,1,0,0
BRDA:15,1,1,0
BRDA:16,2,0,0
BRDA:23,3,0,0
BRDA:23,3,1,0
BRDA:24,4,0,0
BRDA:24,4,1,0
BRDA:36,5,0,0
BRDA:38,6,0,0
BRDA:38,6,1,0
BRDA:39,7,0,0
BRDA:39,7,1,0
BRDA:49,8,0,0
BRDA:49,8,1,0
BRDA:61,9,0,0
BRDA:61,9,1,0
BRDA:76,10,0,0
BRF:18
BRH:0
end_of_record
TN:
SF:app\api\auth\register\route.ts
FN:7,registerHandler
FN:87,(anonymous_2)
FNF:2
FNH:0
FNDA:0,registerHandler
FNDA:0,(anonymous_2)
DA:1,0
DA:2,0
DA:3,0
DA:4,0
DA:5,0
DA:8,0
DA:10,0
DA:12,0
DA:20,0
DA:21,0
DA:26,0
DA:29,0
DA:30,0
DA:31,0
DA:35,0
DA:36,0
DA:37,0
DA:38,0
DA:39,0
DA:44,0
DA:45,0
DA:53,0
DA:54,0
DA:55,0
DA:58,0
DA:59,0
DA:62,0
DA:63,0
DA:64,0
DA:65,0
DA:66,0
DA:68,0
DA:74,0
DA:87,0
DA:88,0
DA:89,0
DA:91,0
DA:94,0
DA:95,0
DA:99,0
DA:103,0
LF:41
LH:0
BRDA:20,0,0,0
BRDA:20,1,0,0
BRDA:20,1,1,0
BRDA:20,1,2,0
BRDA:29,2,0,0
BRDA:35,3,0,0
BRDA:37,4,0,0
BRDA:37,5,0,0
BRDA:37,5,1,0
BRDA:49,6,0,0
BRDA:49,6,1,0
BRDA:53,7,0,0
BRDA:62,8,0,0
BRDA:62,9,0,0
BRDA:62,9,1,0
BRDA:94,10,0,0
BRF:16
BRH:0
end_of_record
TN:
SF:app\api\auth\verify\route.ts
FN:22,POST
FNF:1
FNH:0
FNDA:0,POST
DA:1,0
DA:2,0
DA:3,0
DA:4,0
DA:5,0
DA:8,0
DA:9,0
DA:10,0
DA:11,0
DA:14,0
DA:18,0
DA:20,0
DA:22,0
DA:23,0
DA:25,0
DA:27,0
DA:29,0
DA:30,0
DA:32,0
DA:33,0
DA:36,0
DA:40,0
DA:47,0
DA:49,0
DA:50,0
DA:53,0
DA:55,0
DA:56,0
DA:61,0
DA:68,0
DA:70,0
DA:71,0
DA:75,0
DA:82,0
DA:84,0
DA:91,0
DA:103,0
DA:104,0
DA:107,0
DA:113,0
DA:114,0
DA:117,0
DA:123,0
DA:128,0
LF:44
LH:0
BRDA:9,0,0,0
BRDA:10,1,0,0
BRDA:27,2,0,0
BRDA:29,3,0,0
BRDA:29,3,1,0
BRDA:30,4,0,0
BRDA:37,5,0,0
BRDA:37,5,1,0
BRDA:38,6,0,0
BRDA:38,6,1,0
BRDA:47,7,0,0
BRDA:47,7,1,0
BRDA:49,8,0,0
BRDA:49,9,0,0
BRDA:49,9,1,0
BRDA:55,10,0,0
BRDA:55,11,0,0
BRDA:55,11,1,0
BRDA:55,11,2,0
BRDA:59,12,0,0
BRDA:59,12,1,0
BRDA:70,13,0,0
BRDA:73,14,0,0
BRDA:73,14,1,0
BRDA:88,15,0,0
BRDA:88,15,1,0
BRDA:103,16,0,0
BRDA:105,17,0,0
BRDA:105,17,1,0
BRDA:113,18,0,0
BRDA:115,19,0,0
BRDA:115,19,1,0
BRDA:125,20,0,0
BRDA:125,20,1,0
BRF:34
BRH:0
end_of_record
TN:
SF:app\api\categories\route.ts
FN:12,getCategoriesHandler
FN:18,(anonymous_5)
FN:35,createCategoryHandler
FN:76,updateCategoryOrdersHandler
FNF:4
FNH:0
FNDA:0,getCategoriesHandler
FNDA:0,(anonymous_5)
FNDA:0,createCategoryHandler
FNDA:0,updateCategoryOrdersHandler
DA:1,0
DA:2,0
DA:3,0
DA:4,0
DA:5,0
DA:6,0
DA:7,0
DA:8,0
DA:9,0
DA:13,0
DA:15,0
DA:18,0
DA:27,0
DA:30,0
DA:39,0
DA:41,0
DA:49,0
DA:58,0
DA:61,0
DA:66,0
DA:68,0
DA:80,0
DA:82,0
DA:84,0
DA:87,0
DA:92,0
DA:110,0
DA:138,0
DA:165,0
DA:166,0
DA:167,0
LF:31
LH:0
BRDA:18,0,0,0
BRDA:18,0,1,0
BRDA:20,1,0,0
BRDA:20,1,1,0
BRDA:21,2,0,0
BRDA:21,2,1,0
BRDA:22,3,0,0
BRDA:22,3,1,0
BRDA:23,4,0,0
BRDA:23,4,1,0
BRDA:43,5,0,0
BRDA:43,5,1,0
BRDA:44,6,0,0
BRDA:44,6,1,0
BRDA:45,7,0,0
BRDA:45,7,1,0
BRDA:52,8,0,0
BRDA:52,8,1,0
BRDA:53,9,0,0
BRDA:53,9,1,0
BRDA:54,10,0,0
BRDA:54,10,1,0
BRF:22
BRH:0
end_of_record
TN:
SF:app\api\categories-fixed\route.ts
FN:5,GET
FN:59,(anonymous_5)
FN:79,POST
FN:157,PUT
FNF:4
FNH:0
FNDA:0,GET
FNDA:0,(anonymous_5)
FNDA:0,POST
FNDA:0,PUT
DA:1,0
DA:2,0
DA:5,0
DA:6,0
DA:8,0
DA:9,0
DA:11,0
DA:12,0
DA:13,0
DA:14,0
DA:15,0
DA:16,0
DA:18,0
DA:19,0
DA:23,0
DA:26,0
DA:27,0
DA:29,0
DA:30,0
DA:33,0
DA:34,0
DA:37,0
DA:40,0
DA:41,0
DA:45,0
DA:46,0
DA:48,0
DA:51,0
DA:52,0
DA:56,0
DA:59,0
DA:68,0
DA:70,0
DA:71,0
DA:79,0
DA:80,0
DA:81,0
DA:82,0
DA:85,0
DA:86,0
DA:93,0
DA:95,0
DA:96,0
DA:97,0
DA:98,0
DA:100,0
DA:101,0
DA:102,0
DA:103,0
DA:104,0
DA:107,0
DA:108,0
DA:109,0
DA:110,0
DA:111,0
DA:114,0
DA:115,0
DA:116,0
DA:117,0
DA:118,0
DA:121,0
DA:123,0
DA:124,0
DA:125,0
DA:126,0
DA:127,0
DA:128,0
DA:133,0
DA:136,0
DA:137,0
DA:146,0
DA:148,0
DA:149,0
DA:157,0
DA:158,0
DA:159,0
DA:160,0
DA:162,0
DA:163,0
DA:170,0
DA:171,0
DA:172,0
DA:173,0
DA:175,0
DA:176,0
DA:182,0
DA:189,0
DA:190,0
DA:191,0
DA:196,0
DA:199,0
DA:201,0
DA:202,0
LF:93
LH:0
BRDA:14,0,0,0
BRDA:14,0,1,0
BRDA:14,1,0,0
BRDA:14,1,1,0
BRDA:18,2,0,0
BRDA:18,2,1,0
BRDA:29,3,0,0
BRDA:33,4,0,0
BRDA:40,5,0,0
BRDA:45,6,0,0
BRDA:45,6,1,0
BRDA:55,7,0,0
BRDA:55,7,1,0
BRDA:56,8,0,0
BRDA:59,9,0,0
BRDA:59,9,1,0
BRDA:61,10,0,0
BRDA:61,10,1,0
BRDA:62,11,0,0
BRDA:62,11,1,0
BRDA:63,12,0,0
BRDA:63,12,1,0
BRDA:63,12,2,0
BRDA:64,13,0,0
BRDA:64,13,1,0
BRDA:85,14,0,0
BRDA:100,15,0,0
BRDA:107,16,0,0
BRDA:114,17,0,0
BRDA:114,18,0,0
BRDA:114,18,1,0
BRDA:125,19,0,0
BRDA:126,20,0,0
BRDA:127,21,0,0
BRDA:127,22,0,0
BRDA:127,22,1,0
BRDA:133,23,0,0
BRDA:140,24,0,0
BRDA:140,24,1,0
BRDA:141,25,0,0
BRDA:141,25,1,0
BRDA:142,26,0,0
BRDA:142,26,1,0
BRDA:162,27,0,0
BRDA:173,28,0,0
BRDA:173,28,1,0
BRDA:173,29,0,0
BRDA:173,29,1,0
BRDA:175,30,0,0
BRDA:196,31,0,0
BRF:50
BRH:0
end_of_record
TN:
SF:app\api\categories\[id]\route-fixed.ts
FN:6,GET
FN:41,PUT
FN:163,DELETE
FNF:3
FNH:0
FNDA:0,GET
FNDA:0,PUT
FNDA:0,DELETE
DA:1,0
DA:2,0
DA:4,0
DA:6,0
DA:7,0
DA:8,0
DA:10,0
DA:11,0
DA:16,0
DA:18,0
DA:19,0
DA:20,0
DA:23,0
DA:24,0
DA:33,0
DA:34,0
DA:36,0
DA:37,0
DA:41,0
DA:42,0
DA:43,0
DA:46,0
DA:47,0
DA:48,0
DA:56,0
DA:57,0
DA:58,0
DA:60,0
DA:61,0
DA:67,0
DA:70,0
DA:71,0
DA:72,0
DA:79,0
DA:80,0
DA:85,0
DA:87,0
DA:88,0
DA:89,0
DA:96,0
DA:97,0
DA:98,0
DA:99,0
DA:101,0
DA:109,0
DA:121,0
DA:122,0
DA:131,0
DA:132,0
DA:135,0
DA:142,0
DA:143,0
DA:149,0
DA:150,0
DA:156,0
DA:163,0
DA:164,0
DA:165,0
DA:168,0
DA:169,0
DA:176,0
DA:177,0
DA:182,0
DA:183,0
DA:189,0
DA:195,0
DA:196,0
DA:197,0
DA:200,0
DA:201,0
DA:206,0
DA:207,0
LF:72
LH:0
BRDA:16,0,0,0
BRDA:18,1,0,0
BRDA:27,2,0,0
BRDA:27,2,1,0
BRDA:28,3,0,0
BRDA:28,3,1,0
BRDA:28,3,2,0
BRDA:29,4,0,0
BRDA:29,4,1,0
BRDA:46,5,0,0
BRDA:46,6,0,0
BRDA:46,6,1,0
BRDA:70,7,0,0
BRDA:70,8,0,0
BRDA:70,8,1,0
BRDA:70,8,2,0
BRDA:85,9,0,0
BRDA:87,10,0,0
BRDA:97,11,0,0
BRDA:97,11,1,0
BRDA:97,12,0,0
BRDA:97,12,1,0
BRDA:98,13,0,0
BRDA:98,13,1,0
BRDA:98,14,0,0
BRDA:98,14,1,0
BRDA:99,15,0,0
BRDA:99,15,1,0
BRDA:114,16,0,0
BRDA:114,16,1,0
BRDA:121,17,0,0
BRDA:125,18,0,0
BRDA:125,18,1,0
BRDA:126,19,0,0
BRDA:126,19,1,0
BRDA:127,20,0,0
BRDA:127,20,1,0
BRDA:142,21,0,0
BRDA:142,22,0,0
BRDA:142,22,1,0
BRDA:149,23,0,0
BRDA:149,24,0,0
BRDA:149,24,1,0
BRDA:149,24,2,0
BRDA:158,25,0,0
BRDA:158,25,1,0
BRDA:168,26,0,0
BRDA:168,27,0,0
BRDA:168,27,1,0
BRDA:182,28,0,0
BRDA:195,29,0,0
BRDA:196,30,0,0
BRDA:209,31,0,0
BRDA:209,31,1,0
BRF:54
BRH:0
end_of_record
TN:
SF:app\api\categories\[id]\route.ts
FN:10,GET
FN:44,PUT
FN:45,(anonymous_7)
FN:168,DELETE
FN:169,(anonymous_9)
FNF:5
FNH:0
FNDA:0,GET
FNDA:0,PUT
FNDA:0,(anonymous_7)
FNDA:0,DELETE
FNDA:0,(anonymous_9)
DA:1,0
DA:2,0
DA:3,0
DA:4,0
DA:6,0
DA:10,0
DA:11,0
DA:12,0
DA:14,0
DA:15,0
DA:20,0
DA:22,0
DA:23,0
DA:24,0
DA:27,0
DA:36,0
DA:37,0
DA:39,0
DA:40,0
DA:44,0
DA:45,0
DA:46,0
DA:47,0
DA:48,0
DA:51,0
DA:52,0
DA:53,0
DA:61,0
DA:62,0
DA:63,0
DA:65,0
DA:66,0
DA:72,0
DA:75,0
DA:76,0
DA:77,0
DA:84,0
DA:85,0
DA:90,0
DA:92,0
DA:93,0
DA:94,0
DA:101,0
DA:102,0
DA:103,0
DA:104,0
DA:106,0
DA:115,0
DA:127,0
DA:130,0
DA:139,0
DA:140,0
DA:145,0
DA:148,0
DA:154,0
DA:160,0
DA:168,0
DA:169,0
DA:170,0
DA:171,0
DA:172,0
DA:175,0
DA:176,0
DA:177,0
DA:183,0
DA:184,0
DA:189,0
DA:191,0
DA:192,0
DA:193,0
DA:198,0
DA:199,0
DA:202,0
DA:207,0
DA:208,0
DA:210,0
DA:211,0
DA:212,0
DA:222,0
DA:226,0
DA:228,0
DA:229,0
DA:234,0
DA:240,0
DA:246,0
DA:252,0
LF:86
LH:0
BRDA:20,0,0,0
BRDA:22,1,0,0
BRDA:30,2,0,0
BRDA:30,2,1,0
BRDA:31,3,0,0
BRDA:31,3,1,0
BRDA:32,4,0,0
BRDA:32,4,1,0
BRDA:51,5,0,0
BRDA:51,6,0,0
BRDA:51,6,1,0
BRDA:75,7,0,0
BRDA:75,8,0,0
BRDA:75,8,1,0
BRDA:75,8,2,0
BRDA:90,9,0,0
BRDA:92,10,0,0
BRDA:102,11,0,0
BRDA:102,11,1,0
BRDA:102,12,0,0
BRDA:102,12,1,0
BRDA:103,13,0,0
BRDA:103,13,1,0
BRDA:103,14,0,0
BRDA:103,14,1,0
BRDA:104,15,0,0
BRDA:104,15,1,0
BRDA:120,16,0,0
BRDA:120,16,1,0
BRDA:127,17,0,0
BRDA:133,18,0,0
BRDA:133,18,1,0
BRDA:134,19,0,0
BRDA:134,19,1,0
BRDA:135,20,0,0
BRDA:135,20,1,0
BRDA:162,21,0,0
BRDA:162,21,1,0
BRDA:175,22,0,0
BRDA:175,23,0,0
BRDA:175,23,1,0
BRDA:189,24,0,0
BRDA:191,25,0,0
BRDA:207,26,0,0
BRDA:208,27,0,0
BRDA:208,27,1,0
BRDA:210,28,0,0
BRDA:226,29,0,0
BRDA:254,30,0,0
BRDA:254,30,1,0
BRF:50
BRH:0
end_of_record
TN:
SF:app\api\categories\optimized\route.ts
FN:7,GET
FNF:1
FNH:0
FNDA:0,GET
DA:1,0
DA:2,0
DA:5,0
DA:7,0
DA:8,0
DA:9,0
DA:10,0
DA:12,0
DA:14,0
DA:16,0
DA:18,0
DA:30,0
DA:31,0
LF:13
LH:0
BRDA:33,0,0,0
BRDA:33,0,1,0
BRF:2
BRH:0
end_of_record
TN:
SF:app\api\contact\route.ts
FN:5,POST
FNF:1
FNH:0
FNDA:0,POST
DA:1,0
DA:2,0
DA:5,0
DA:6,0
DA:7,0
DA:8,0
DA:11,0
DA:12,0
DA:19,0
DA:20,0
DA:21,0
DA:28,0
DA:29,0
DA:39,0
DA:41,0
DA:43,0
DA:44,0
LF:17
LH:0
BRDA:11,0,0,0
BRDA:11,1,0,0
BRDA:11,1,1,0
BRDA:11,1,2,0
BRDA:20,2,0,0
BRDA:34,3,0,0
BRDA:34,3,1,0
BRDA:39,4,0,0
BRF:8
BRH:0
end_of_record
TN:
SF:app\api\coupons\route.ts
FN:12,getCouponsHandler
FN:32,(anonymous_4)
FN:33,(anonymous_5)
FN:65,applyCouponHandler
FNF:4
FNH:0
FNDA:0,getCouponsHandler
FNDA:0,(anonymous_4)
FNDA:0,(anonymous_5)
FNDA:0,applyCouponHandler
DA:1,0
DA:2,0
DA:3,0
DA:4,0
DA:5,0
DA:6,0
DA:7,0
DA:8,0
DA:9,0
DA:13,0
DA:14,0
DA:15,0
DA:17,0
DA:18,0
DA:21,0
DA:22,0
DA:29,0
DA:32,0
DA:33,0
DA:34,0
DA:35,0
DA:37,0
DA:56,0
DA:60,0
DA:66,0
DA:67,0
DA:69,0
DA:70,0
DA:78,0
DA:79,0
DA:80,0
DA:84,0
DA:90,0
DA:91,0
DA:92,0
DA:96,0
DA:97,0
DA:101,0
DA:104,0
DA:107,0
DA:109,0
DA:111,0
DA:114,0
DA:125,0
DA:130,0
DA:139,0
LF:46
LH:0
BRDA:17,0,0,0
BRDA:29,1,0,0
BRDA:32,2,0,0
BRDA:32,2,1,0
BRDA:33,3,0,0
BRDA:33,3,1,0
BRDA:35,4,0,0
BRDA:35,4,1,0
BRDA:41,5,0,0
BRDA:41,5,1,0
BRDA:43,6,0,0
BRDA:43,6,1,0
BRDA:78,7,0,0
BRDA:79,8,0,0
BRDA:90,9,0,0
BRDA:91,10,0,0
BRDA:96,11,0,0
BRDA:96,12,0,0
BRDA:96,12,1,0
BRDA:103,13,0,0
BRDA:103,13,1,0
BRDA:104,14,0,0
BRDA:109,15,0,0
BRDA:111,16,0,0
BRDA:111,16,1,0
BRF:25
BRH:0
end_of_record
TN:
SF:app\api\create-admin-settings\route.ts
FN:4,POST
FNF:1
FNH:0
FNDA:0,POST
DA:1,0
DA:2,0
DA:4,0
DA:5,0
DA:6,0
DA:7,0
DA:10,0
DA:23,0
DA:24,0
DA:29,0
DA:32,0
DA:34,0
DA:36,0
DA:44,0
DA:46,0
LF:15
LH:0
BRDA:32,0,0,0
BRDA:32,0,1,0
BRF:2
BRH:0
end_of_record
TN:
SF:app\api\customers\route.ts
FN:11,getCustomersHandler
FNF:1
FNH:0
FNDA:0,getCustomersHandler
DA:1,0
DA:2,0
DA:3,0
DA:4,0
DA:5,0
DA:8,0
DA:12,0
DA:13,0
DA:14,0
DA:17,0
DA:22,0
DA:40,0
LF:12
LH:0
BRF:0
BRH:0
end_of_record
TN:
SF:app\api\customers\[id]\route.ts
FN:4,GET
FN:24,PUT
FN:48,DELETE
FNF:3
FNH:0
FNDA:0,GET
FNDA:0,PUT
FNDA:0,DELETE
DA:1,0
DA:2,0
DA:4,0
DA:5,0
DA:6,0
DA:8,0
DA:9,0
DA:10,0
DA:14,0
DA:17,0
DA:18,0
DA:24,0
DA:25,0
DA:26,0
DA:27,0
DA:28,0
DA:31,0
DA:32,0
DA:37,0
DA:38,0
DA:41,0
DA:42,0
DA:48,0
DA:49,0
DA:50,0
DA:52,0
DA:53,0
DA:56,0
DA:57,0
LF:29
LH:0
BRDA:9,0,0,0
BRDA:31,1,0,0
BRDA:31,2,0,0
BRDA:31,2,1,0
BRF:4
BRH:0
end_of_record
TN:
SF:app\api\customers\next-code\route.ts
FN:4,GET
FNF:1
FNH:0
FNDA:0,GET
DA:1,0
DA:2,0
DA:4,0
DA:5,0
DA:6,0
DA:10,0
DA:17,0
DA:18,0
DA:19,0
DA:23,0
DA:24,0
DA:25,0
DA:26,0
DA:27,0
DA:28,0
DA:29,0
DA:30,0
DA:36,0
DA:37,0
DA:39,0
DA:41,0
DA:47,0
DA:48,0
LF:23
LH:0
BRDA:17,0,0,0
BRDA:24,1,0,0
BRDA:24,2,0,0
BRDA:24,2,1,0
BRDA:27,3,0,0
BRDA:27,4,0,0
BRDA:27,4,1,0
BRDA:29,5,0,0
BRF:8
BRH:0
end_of_record
TN:
SF:app\api\customers\optimized\route.ts
FN:7,GET
FNF:1
FNH:0
FNDA:0,GET
DA:1,0
DA:2,0
DA:5,0
DA:7,0
DA:8,0
DA:9,0
DA:11,0
DA:13,0
DA:15,0
DA:26,0
DA:27,0
LF:11
LH:0
BRF:0
BRH:0
end_of_record
TN:
SF:app\api\customers\search\route.ts
FN:6,GET
FN:21,(anonymous_5)
FN:100,(anonymous_6)
FN:113,(anonymous_7)
FN:149,POST
FNF:5
FNH:0
FNDA:0,GET
FNDA:0,(anonymous_5)
FNDA:0,(anonymous_6)
FNDA:0,(anonymous_7)
FNDA:0,POST
DA:1,0
DA:2,0
DA:4,0
DA:6,0
DA:7,0
DA:8,0
DA:9,0
DA:10,0
DA:11,0
DA:13,0
DA:16,0
DA:17,0
DA:21,0
DA:22,0
DA:29,0
DA:30,0
DA:32,0
DA:34,0
DA:35,0
DA:40,0
DA:41,0
DA:44,0
DA:46,0
DA:47,0
DA:48,0
DA:49,0
DA:50,0
DA:53,0
DA:55,0
DA:57,0
DA:58,0
DA:61,0
DA:62,0
DA:63,0
DA:64,0
DA:66,0
DA:69,0
DA:70,0
DA:80,0
DA:81,0
DA:82,0
DA:90,0
DA:91,0
DA:95,0
DA:99,0
DA:100,0
DA:102,0
DA:114,0
DA:115,0
DA:116,0
DA:117,0
DA:122,0
DA:123,0
DA:127,0
DA:131,0
DA:133,0
DA:140,0
DA:141,0
DA:149,0
DA:150,0
DA:151,0
DA:152,0
DA:154,0
DA:157,0
DA:158,0
DA:163,0
DA:164,0
DA:170,0
DA:171,0
DA:172,0
DA:177,0
DA:178,0
DA:179,0
DA:180,0
DA:186,0
DA:188,0
DA:189,0
DA:190,0
DA:195,0
DA:200,0
DA:202,0
DA:205,0
DA:206,0
DA:220,0
DA:237,0
DA:238,0
LF:86
LH:0
BRDA:9,0,0,0
BRDA:9,0,1,0
BRDA:10,1,0,0
BRDA:10,1,1,0
BRDA:11,2,0,0
BRDA:11,2,1,0
BRDA:16,3,0,0
BRDA:16,4,0,0
BRDA:16,4,1,0
BRDA:40,5,0,0
BRDA:48,6,0,0
BRDA:48,6,1,0
BRDA:49,7,0,0
BRDA:49,7,1,0
BRDA:50,8,0,0
BRDA:50,8,1,0
BRDA:55,9,0,0
BRDA:55,9,1,0
BRDA:57,10,0,0
BRDA:57,10,1,0
BRDA:63,11,0,0
BRDA:63,11,1,0
BRDA:64,12,0,0
BRDA:64,12,1,0
BRDA:66,13,0,0
BRDA:66,13,1,0
BRDA:66,13,2,0
BRDA:66,13,3,0
BRDA:69,14,0,0
BRDA:81,15,0,0
BRDA:90,16,0,0
BRDA:99,17,0,0
BRDA:99,17,1,0
BRDA:100,18,0,0
BRDA:100,18,1,0
BRDA:100,19,0,0
BRDA:100,19,1,0
BRDA:105,20,0,0
BRDA:105,20,1,0
BRDA:106,21,0,0
BRDA:106,21,1,0
BRDA:107,22,0,0
BRDA:107,22,1,0
BRDA:114,23,0,0
BRDA:117,24,0,0
BRDA:117,24,1,0
BRDA:117,25,0,0
BRDA:117,25,1,0
BRDA:122,26,0,0
BRDA:157,27,0,0
BRDA:163,28,0,0
BRDA:171,29,0,0
BRDA:179,30,0,0
BRDA:179,31,0,0
BRDA:179,31,1,0
BRDA:186,32,0,0
BRDA:186,32,1,0
BRDA:189,33,0,0
BRDA:189,34,0,0
BRDA:189,34,1,0
BRDA:200,35,0,0
BRDA:205,36,0,0
BRDA:205,37,0,0
BRDA:205,37,1,0
BRDA:210,38,0,0
BRDA:210,38,1,0
BRDA:211,39,0,0
BRDA:211,39,1,0
BRDA:212,40,0,0
BRDA:212,40,1,0
BRDA:213,41,0,0
BRDA:213,41,1,0
BRDA:214,42,0,0
BRDA:214,42,1,0
BRDA:229,43,0,0
BRDA:229,43,1,0
BRF:76
BRH:0
end_of_record
TN:
SF:app\api\customers\search\optimized\route.ts
FN:6,GET
FNF:1
FNH:0
FNDA:0,GET
DA:1,0
DA:2,0
DA:4,0
DA:6,0
DA:7,0
DA:8,0
DA:9,0
DA:10,0
DA:11,0
DA:13,0
DA:16,0
DA:17,0
DA:28,0
DA:34,0
DA:36,0
DA:49,0
DA:50,0
LF:17
LH:0
BRDA:9,0,0,0
BRDA:9,0,1,0
BRDA:10,1,0,0
BRDA:10,1,1,0
BRDA:11,2,0,0
BRDA:11,2,1,0
BRDA:16,3,0,0
BRDA:16,4,0,0
BRDA:16,4,1,0
BRDA:52,5,0,0
BRDA:52,5,1,0
BRF:11
BRH:0
end_of_record
TN:
SF:app\api\delivery\calculate\route.ts
FN:7,calculateDistance
FN:19,geocodeAddress
FN:46,(anonymous_5)
FN:47,(anonymous_6)
FN:48,(anonymous_7)
FN:49,(anonymous_8)
FN:69,POST
FN:95,(anonymous_10)
FNF:8
FNH:0
FNDA:0,calculateDistance
FNDA:0,geocodeAddress
FNDA:0,(anonymous_5)
FNDA:0,(anonymous_6)
FNDA:0,(anonymous_7)
FNDA:0,(anonymous_8)
FNDA:0,POST
FNDA:0,(anonymous_10)
DA:1,0
DA:2,0
DA:4,0
DA:8,0
DA:9,0
DA:10,0
DA:11,0
DA:14,0
DA:15,0
DA:27,0
DA:28,0
DA:29,0
DA:30,0
DA:33,0
DA:37,0
DA:39,0
DA:40,0
DA:41,0
DA:45,0
DA:46,0
DA:47,0
DA:48,0
DA:49,0
DA:51,0
DA:61,0
DA:62,0
DA:64,0
DA:65,0
DA:69,0
DA:70,0
DA:71,0
DA:73,0
DA:75,0
DA:76,0
DA:83,0
DA:84,0
DA:92,0
DA:94,0
DA:95,0
DA:96,0
DA:99,0
DA:102,0
DA:103,0
DA:114,0
DA:115,0
DA:116,0
DA:118,0
DA:119,0
DA:120,0
DA:121,0
DA:124,0
DA:125,0
DA:128,0
DA:136,0
DA:137,0
DA:138,0
DA:139,0
DA:140,0
DA:142,0
DA:145,0
DA:146,0
DA:152,0
DA:153,0
DA:155,0
DA:157,0
DA:172,0
DA:174,0
DA:176,0
DA:177,0
DA:185,0
DA:186,0
DA:187,0
DA:189,0
DA:194,0
DA:196,0
DA:199,0
DA:201,0
DA:202,0
DA:217,0
DA:228,0
DA:236,0
DA:238,0
DA:239,0
DA:240,0
DA:241,0
DA:242,0
DA:244,0
DA:245,0
DA:246,0
DA:247,0
DA:248,0
DA:249,0
DA:253,0
DA:254,0
DA:269,0
DA:271,0
DA:285,0
DA:286,0
LF:98
LH:0
BRDA:28,0,0,0
BRDA:28,1,0,0
BRDA:28,1,1,0
BRDA:39,2,0,0
BRDA:39,3,0,0
BRDA:39,3,1,0
BRDA:45,4,0,0
BRDA:45,4,1,0
BRDA:46,5,0,0
BRDA:46,5,1,0
BRDA:46,5,2,0
BRDA:48,6,0,0
BRDA:48,6,1,0
BRDA:49,7,0,0
BRDA:49,7,1,0
BRDA:75,8,0,0
BRDA:75,9,0,0
BRDA:75,9,1,0
BRDA:75,9,2,0
BRDA:92,10,0,0
BRDA:95,11,0,0
BRDA:95,11,1,0
BRDA:102,12,0,0
BRDA:105,13,0,0
BRDA:105,13,1,0
BRDA:114,14,0,0
BRDA:114,14,1,0
BRDA:115,15,0,0
BRDA:115,15,1,0
BRDA:116,16,0,0
BRDA:116,16,1,0
BRDA:124,17,0,0
BRDA:124,18,0,0
BRDA:124,18,1,0
BRDA:136,19,0,0
BRDA:136,19,1,0
BRDA:136,20,0,0
BRDA:136,20,1,0
BRDA:137,21,0,0
BRDA:137,21,1,0
BRDA:140,22,0,0
BRDA:140,22,1,0
BRDA:145,23,0,0
BRDA:145,24,0,0
BRDA:145,24,1,0
BRDA:152,25,0,0
BRDA:152,26,0,0
BRDA:152,26,1,0
BRDA:153,27,0,0
BRDA:153,27,1,0
BRDA:159,28,0,0
BRDA:159,28,1,0
BRDA:160,29,0,0
BRDA:160,29,1,0
BRDA:165,30,0,0
BRDA:165,30,1,0
BRDA:174,31,0,0
BRDA:174,31,1,0
BRDA:176,32,0,0
BRDA:199,33,0,0
BRDA:201,34,0,0
BRDA:236,35,0,0
BRDA:239,36,0,0
BRDA:239,36,1,0
BRDA:244,37,0,0
BRDA:244,38,0,0
BRDA:244,38,1,0
BRDA:245,39,0,0
BRDA:245,39,1,0
BRDA:253,40,0,0
BRDA:262,41,0,0
BRDA:262,41,1,0
BRDA:280,42,0,0
BRDA:280,42,1,0
BRF:74
BRH:0
end_of_record
TN:
SF:app\api\drivers\route.ts
FN:12,getDriversHandler
FN:54,(anonymous_4)
FN:71,(anonymous_5)
FN:85,(anonymous_6)
FN:86,(anonymous_7)
FN:87,(anonymous_8)
FN:89,(anonymous_9)
FN:105,createDriverHandler
FNF:8
FNH:0
FNDA:0,getDriversHandler
FNDA:0,(anonymous_4)
FNDA:0,(anonymous_5)
FNDA:0,(anonymous_6)
FNDA:0,(anonymous_7)
FNDA:0,(anonymous_8)
FNDA:0,(anonymous_9)
FNDA:0,createDriverHandler
DA:1,0
DA:2,0
DA:3,0
DA:4,0
DA:5,0
DA:6,0
DA:7,0
DA:8,0
DA:9,0
DA:13,0
DA:14,0
DA:15,0
DA:16,0
DA:19,0
DA:26,0
DA:27,0
DA:30,0
DA:31,0
DA:34,0
DA:35,0
DA:42,0
DA:47,0
DA:48,0
DA:53,0
DA:55,0
DA:56,0
DA:57,0
DA:65,0
DA:66,0
DA:69,0
DA:71,0
DA:74,0
DA:77,0
DA:82,0
DA:83,0
DA:85,0
DA:86,0
DA:87,0
DA:89,0
DA:93,0
DA:100,0
DA:109,0
DA:110,0
DA:111,0
DA:116,0
DA:134,0
DA:137,0
DA:142,0
DA:149,0
DA:154,0
DA:163,0
LF:51
LH:0
BRDA:26,0,0,0
BRDA:26,1,0,0
BRDA:26,1,1,0
BRDA:31,2,0,0
BRDA:34,3,0,0
BRDA:34,4,0,0
BRDA:34,4,1,0
BRDA:47,5,0,0
BRDA:47,6,0,0
BRDA:47,6,1,0
BRDA:54,7,0,0
BRDA:54,7,1,0
BRDA:55,8,0,0
BRDA:65,9,0,0
BRDA:71,10,0,0
BRDA:71,10,1,0
BRDA:82,11,0,0
BRDA:82,11,1,0
BRDA:88,12,0,0
BRDA:88,12,1,0
BRDA:89,13,0,0
BRDA:89,13,1,0
BRDA:123,14,0,0
BRDA:123,14,1,0
BRDA:124,15,0,0
BRDA:124,15,1,0
BRDA:134,16,0,0
BRF:27
BRH:0
end_of_record
TN:
SF:app\api\drivers\[id]\route.ts
FN:4,GET
FN:41,(anonymous_5)
FN:65,PATCH
FN:176,DELETE
FNF:4
FNH:0
FNDA:0,GET
FNDA:0,(anonymous_5)
FNDA:0,PATCH
FNDA:0,DELETE
DA:1,0
DA:2,0
DA:4,0
DA:8,0
DA:9,0
DA:11,0
DA:14,0
DA:21,0
DA:22,0
DA:23,0
DA:30,0
DA:31,0
DA:32,0
DA:33,0
DA:40,0
DA:41,0
DA:44,0
DA:48,0
DA:56,0
DA:58,0
DA:65,0
DA:69,0
DA:70,0
DA:72,0
DA:73,0
DA:74,0
DA:77,0
DA:84,0
DA:85,0
DA:92,0
DA:94,0
DA:95,0
DA:98,0
DA:100,0
DA:107,0
DA:108,0
DA:114,0
DA:117,0
DA:118,0
DA:121,0
DA:122,0
DA:125,0
DA:126,0
DA:129,0
DA:130,0
DA:131,0
DA:134,0
DA:135,0
DA:139,0
DA:141,0
DA:142,0
DA:149,0
DA:156,0
DA:158,0
DA:160,0
DA:166,0
DA:168,0
DA:176,0
DA:180,0
DA:181,0
DA:183,0
DA:186,0
DA:192,0
DA:193,0
DA:200,0
DA:201,0
DA:208,0
DA:213,0
DA:215,0
DA:217,0
DA:226,0
DA:228,0
LF:72
LH:0
BRDA:21,0,0,0
BRDA:21,1,0,0
BRDA:21,1,1,0
BRDA:31,2,0,0
BRDA:40,3,0,0
BRDA:40,4,0,0
BRDA:40,4,1,0
BRDA:84,5,0,0
BRDA:84,6,0,0
BRDA:84,6,1,0
BRDA:94,7,0,0
BRDA:98,8,0,0
BRDA:107,9,0,0
BRDA:117,10,0,0
BRDA:121,11,0,0
BRDA:125,12,0,0
BRDA:126,13,0,0
BRDA:126,13,1,0
BRDA:129,14,0,0
BRDA:134,15,0,0
BRDA:135,16,0,0
BRDA:135,16,1,0
BRDA:141,17,0,0
BRDA:156,18,0,0
BRDA:192,19,0,0
BRDA:192,20,0,0
BRDA:192,20,1,0
BRDA:200,21,0,0
BRDA:213,22,0,0
BRF:29
BRH:0
end_of_record
TN:
SF:app\api\example-enhanced\route.ts
FN:30,handleCreateUser
FN:91,handleGetUsers
FN:152,handleUpdateUser
FN:228,handleDeleteUser
FN:287,POST
FN:291,GET
FN:295,PUT
FN:299,DELETE
FN:304,PATCH
FN:322,(anonymous_15)
FNF:10
FNH:0
FNDA:0,handleCreateUser
FNDA:0,handleGetUsers
FNDA:0,handleUpdateUser
FNDA:0,handleDeleteUser
FNDA:0,POST
FNDA:0,GET
FNDA:0,PUT
FNDA:0,DELETE
FNDA:0,PATCH
FNDA:0,(anonymous_15)
DA:2,0
DA:3,0
DA:4,0
DA:5,0
DA:6,0
DA:7,0
DA:8,0
DA:11,0
DA:14,0
DA:16,0
DA:34,0
DA:36,0
DA:47,0
DA:48,0
DA:51,0
DA:59,0
DA:64,0
DA:92,0
DA:93,0
DA:94,0
DA:95,0
DA:96,0
DA:98,0
DA:103,0
DA:104,0
DA:107,0
DA:109,0
DA:110,0
DA:113,0
DA:125,0
DA:130,0
DA:137,0
DA:157,0
DA:158,0
DA:161,0
DA:167,0
DA:168,0
DA:174,0
DA:181,0
DA:182,0
DA:185,0
DA:192,0
DA:197,0
DA:202,0
DA:205,0
DA:232,0
DA:233,0
DA:236,0
DA:242,0
DA:243,0
DA:249,0
DA:254,0
DA:255,0
DA:258,0
DA:264,0
DA:269,0
DA:287,0
DA:288,0
DA:291,0
DA:292,0
DA:295,0
DA:296,0
DA:299,0
DA:300,0
DA:304,0
DA:306,0
DA:323,0
DA:325,0
DA:332,0
DA:334,0
DA:352,0
LF:71
LH:0
BRDA:47,0,0,0
BRDA:94,1,0,0
BRDA:94,1,1,0
BRDA:95,2,0,0
BRDA:95,2,1,0
BRDA:96,3,0,0
BRDA:96,3,1,0
BRDA:103,4,0,0
BRDA:109,5,0,0
BRDA:119,6,0,0
BRDA:119,6,1,0
BRDA:120,7,0,0
BRDA:120,7,1,0
BRDA:167,8,0,0
BRDA:167,9,0,0
BRDA:167,9,1,0
BRDA:181,10,0,0
BRDA:242,11,0,0
BRDA:242,12,0,0
BRDA:242,12,1,0
BRDA:254,13,0,0
BRDA:332,14,0,0
BRF:22
BRH:0
end_of_record
TN:
SF:app\api\favorites\route.ts
FN:12,getFavoritesHandler
FN:32,(anonymous_5)
FN:33,(anonymous_6)
FN:52,addFavoriteHandler
FN:103,removeFavoriteHandler
FNF:5
FNH:0
FNDA:0,getFavoritesHandler
FNDA:0,(anonymous_5)
FNDA:0,(anonymous_6)
FNDA:0,addFavoriteHandler
FNDA:0,removeFavoriteHandler
DA:1,1
DA:2,1
DA:3,1
DA:4,1
DA:5,1
DA:6,1
DA:7,1
DA:8,1
DA:9,1
DA:13,0
DA:14,0
DA:15,0
DA:17,0
DA:18,0
DA:21,0
DA:24,0
DA:29,0
DA:31,0
DA:32,0
DA:33,0
DA:43,0
DA:47,0
DA:56,0
DA:57,0
DA:61,0
DA:64,0
DA:69,0
DA:70,0
DA:71,0
DA:75,0
DA:81,0
DA:82,0
DA:86,0
DA:89,0
DA:91,0
DA:98,0
DA:104,0
DA:105,0
DA:106,0
DA:107,0
DA:109,0
DA:110,0
DA:113,0
DA:115,0
DA:120,0
DA:122,0
DA:126,0
DA:131,3
DA:140,4
DA:161,3
LF:50
LH:12
BRDA:17,0,0,0
BRDA:29,1,0,0
BRDA:31,2,0,0
BRDA:31,2,1,0
BRDA:34,3,0,0
BRDA:34,3,1,0
BRDA:35,4,0,0
BRDA:35,4,1,0
BRDA:36,5,0,0
BRDA:36,5,1,0
BRDA:37,6,0,0
BRDA:37,6,1,0
BRDA:38,7,0,0
BRDA:38,7,1,0
BRDA:40,8,0,0
BRDA:40,8,1,0
BRDA:69,9,0,0
BRDA:70,10,0,0
BRDA:70,11,0,0
BRDA:70,11,1,0
BRDA:81,12,0,0
BRDA:89,13,0,0
BRDA:109,14,0,0
BRDA:109,15,0,0
BRDA:109,15,1,0
BRDA:120,16,0,0
BRF:26
BRH:0
end_of_record
TN:
SF:app\api\fix-dashboard\route.ts
FN:4,POST
FN:33,(anonymous_4)
FN:34,(anonymous_5)
FN:143,GET
FN:154,(anonymous_7)
FNF:5
FNH:0
FNDA:0,POST
FNDA:0,(anonymous_4)
FNDA:0,(anonymous_5)
FNDA:0,GET
FNDA:0,(anonymous_7)
DA:1,0
DA:2,0
DA:4,0
DA:5,0
DA:6,0
DA:11,0
DA:13,0
DA:16,0
DA:19,0
DA:22,0
DA:30,0
DA:32,0
DA:33,0
DA:34,0
DA:36,0
DA:37,0
DA:44,0
DA:45,0
DA:53,0
DA:60,0
DA:62,0
DA:63,0
DA:64,0
DA:65,0
DA:68,0
DA:87,0
DA:88,0
DA:89,0
DA:90,0
DA:98,0
DA:101,0
DA:107,0
DA:114,0
DA:116,0
DA:129,0
DA:131,0
DA:143,0
DA:144,0
DA:145,0
DA:146,0
DA:154,0
DA:156,0
DA:166,0
LF:43
LH:0
BRDA:32,0,0,0
BRDA:32,1,0,0
BRDA:32,1,1,0
BRDA:36,2,0,0
BRDA:44,3,0,0
BRDA:62,4,0,0
BRDA:62,5,0,0
BRDA:62,5,1,0
BRDA:87,6,0,0
BRDA:108,7,0,0
BRDA:108,7,1,0
BRDA:109,8,0,0
BRDA:109,8,1,0
BRDA:110,9,0,0
BRDA:110,9,1,0
BRDA:111,10,0,0
BRDA:111,10,1,0
BRDA:160,11,0,0
BRDA:160,11,1,0
BRF:19
BRH:0
end_of_record
TN:
SF:app\api\fix-login\route.ts
FN:4,POST
FN:85,GET
FNF:2
FNH:0
FNDA:0,POST
FNDA:0,GET
DA:1,0
DA:2,0
DA:4,0
DA:5,0
DA:6,0
DA:10,0
DA:14,0
DA:17,0
DA:18,0
DA:22,0
DA:25,0
DA:29,0
DA:33,0
DA:36,0
DA:37,0
DA:40,0
DA:46,0
DA:48,0
DA:71,0
DA:73,0
DA:85,0
DA:86,0
DA:88,0
DA:91,0
DA:92,0
DA:93,0
DA:94,0
DA:96,0
DA:99,0
DA:100,0
DA:102,0
DA:104,0
DA:109,0
DA:110,0
DA:114,0
DA:115,0
DA:121,0
DA:123,0
DA:127,0
DA:141,0
LF:40
LH:0
BRDA:37,0,0,0
BRDA:37,0,1,0
BRDA:102,1,0,0
BRDA:109,2,0,0
BRDA:110,3,0,0
BRDA:110,3,1,0
BRDA:121,4,0,0
BRDA:121,4,1,0
BRDA:133,5,0,0
BRDA:133,5,1,0
BRDA:135,6,0,0
BRDA:135,6,1,0
BRDA:135,7,0,0
BRDA:135,7,1,0
BRF:14
BRH:0
end_of_record
TN:
SF:app\api\health\route.ts
FN:7,GET
FN:59,POST
FNF:2
FNH:0
FNDA:0,GET
FNDA:0,POST
DA:1,0
DA:2,0
DA:5,0
DA:7,0
DA:8,0
DA:13,0
DA:14,0
DA:17,0
DA:25,0
DA:28,0
DA:29,0
DA:30,0
DA:31,0
DA:32,0
DA:33,0
DA:36,0
DA:45,0
DA:47,0
DA:59,0
DA:60,0
LF:20
LH:0
BRDA:28,0,0,0
BRDA:28,0,1,0
BRDA:29,1,0,0
BRDA:32,2,0,0
BRDA:32,2,1,0
BRDA:33,3,0,0
BRDA:33,3,1,0
BRF:7
BRH:0
end_of_record
TN:
SF:app\api\notifications\route.ts
FN:13,getNotificationsHandler
FN:41,(anonymous_5)
FN:56,createNotificationHandler
FN:112,deleteNotificationsHandler
FNF:4
FNH:0
FNDA:0,getNotificationsHandler
FNDA:0,(anonymous_5)
FNDA:0,createNotificationHandler
FNDA:0,deleteNotificationsHandler
DA:1,0
DA:2,0
DA:4,0
DA:5,0
DA:6,0
DA:7,0
DA:8,0
DA:9,0
DA:10,0
DA:14,0
DA:15,0
DA:16,0
DA:17,0
DA:18,0
DA:20,0
DA:21,0
DA:24,0
DA:27,0
DA:34,0
DA:35,0
DA:38,0
DA:39,0
DA:41,0
DA:47,0
DA:51,0
DA:60,0
DA:69,0
DA:73,0
DA:76,0
DA:92,0
DA:94,0
DA:100,0
DA:107,0
DA:116,0
DA:117,0
DA:119,0
DA:122,0
DA:123,0
DA:126,0
DA:132,0
DA:134,0
DA:136,0
DA:143,0
DA:148,0
DA:157,0
DA:178,0
LF:46
LH:0
BRDA:17,0,0,0
BRDA:17,0,1,0
BRDA:20,1,0,0
BRDA:34,2,0,0
BRDA:39,3,0,0
BRDA:41,4,0,0
BRDA:41,4,1,0
BRDA:44,5,0,0
BRDA:44,5,1,0
BRDA:44,6,0,0
BRDA:44,6,1,0
BRDA:65,7,0,0
BRDA:66,8,0,0
BRDA:68,9,0,0
BRDA:83,10,0,0
BRDA:83,10,1,0
BRDA:92,11,0,0
BRDA:97,12,0,0
BRDA:97,12,1,0
BRDA:97,13,0,0
BRDA:97,13,1,0
BRDA:117,14,0,0
BRDA:132,15,0,0
BRDA:134,16,0,0
BRDA:134,16,1,0
BRF:25
BRH:0
end_of_record
TN:
SF:app\api\notifications\[id]\read\route.ts
FN:5,PATCH
FNF:1
FNH:0
FNDA:0,PATCH
DA:1,0
DA:2,0
DA:5,0
DA:9,0
DA:10,0
DA:12,0
DA:13,0
DA:16,0
DA:19,0
DA:26,0
DA:27,0
DA:33,0
DA:43,0
DA:44,0
LF:14
LH:0
BRDA:12,0,0,0
BRDA:26,1,0,0
BRDA:26,2,0,0
BRDA:26,2,1,0
BRF:4
BRH:0
end_of_record
TN:
SF:app\api\notifications\realtime\route.ts
FN:5,POST
FNF:1
FNH:0
FNDA:0,POST
DA:1,0
DA:2,0
DA:5,0
DA:6,0
DA:7,0
DA:10,0
DA:20,0
DA:22,0
DA:23,0
LF:9
LH:0
BRF:0
BRH:0
end_of_record
TN:
SF:app\api\orders\route.ts
FN:15,getOrdersHandler
FN:32,createOrderHandler
FN:56,(anonymous_6)
FNF:3
FNH:0
FNDA:0,getOrdersHandler
FNDA:0,createOrderHandler
FNDA:0,(anonymous_6)
DA:1,0
DA:2,0
DA:3,0
DA:4,0
DA:5,0
DA:6,0
DA:7,0
DA:8,0
DA:9,0
DA:12,0
DA:16,0
DA:17,0
DA:18,0
DA:19,0
DA:20,0
DA:21,0
DA:23,0
DA:24,0
DA:27,0
DA:36,0
DA:39,0
DA:40,0
DA:41,0
DA:42,0
DA:43,0
DA:44,0
DA:45,0
DA:46,0
DA:47,0
DA:48,0
DA:49,0
DA:50,0
DA:51,0
DA:52,0
DA:53,0
DA:56,0
DA:68,0
DA:85,0
DA:92,0
DA:97,0
DA:115,0
DA:143,0
DA:144,0
LF:43
LH:0
BRDA:20,0,0,0
BRDA:20,0,1,0
BRDA:21,1,0,0
BRDA:21,1,1,0
BRDA:39,2,0,0
BRDA:39,2,1,0
BRDA:39,2,2,0
BRDA:40,3,0,0
BRDA:40,3,1,0
BRDA:40,3,2,0
BRDA:41,4,0,0
BRDA:41,4,1,0
BRDA:41,4,2,0
BRDA:42,5,0,0
BRDA:42,5,1,0
BRDA:42,5,2,0
BRDA:43,6,0,0
BRDA:43,6,1,0
BRDA:45,7,0,0
BRDA:45,7,1,0
BRDA:46,8,0,0
BRDA:46,8,1,0
BRDA:47,9,0,0
BRDA:47,9,1,0
BRDA:48,10,0,0
BRDA:48,10,1,0
BRDA:49,11,0,0
BRDA:49,11,1,0
BRDA:50,12,0,0
BRDA:50,12,1,0
BRDA:51,13,0,0
BRDA:51,13,1,0
BRDA:51,13,2,0
BRDA:52,14,0,0
BRDA:52,14,1,0
BRDA:53,15,0,0
BRDA:53,15,1,0
BRDA:56,16,0,0
BRDA:56,16,1,0
BRDA:57,17,0,0
BRDA:57,17,1,0
BRDA:57,17,2,0
BRDA:58,18,0,0
BRDA:58,18,1,0
BRDA:59,19,0,0
BRDA:59,19,1,0
BRDA:60,20,0,0
BRDA:60,20,1,0
BRDA:60,20,2,0
BRDA:61,21,0,0
BRDA:61,21,1,0
BRDA:62,22,0,0
BRDA:62,22,1,0
BRDA:63,23,0,0
BRDA:63,23,1,0
BRDA:64,24,0,0
BRDA:64,24,1,0
BRDA:64,24,2,0
BRDA:65,25,0,0
BRDA:65,25,1,0
BRDA:65,25,2,0
BRF:61
BRH:0
end_of_record
TN:
SF:app\api\orders\[id]\route.ts
FN:4,GET
FN:31,PUT
FN:73,(anonymous_9)
FN:99,DELETE
FN:104,(anonymous_11)
FNF:5
FNH:0
FNDA:0,GET
FNDA:0,PUT
FNDA:0,(anonymous_9)
FNDA:0,DELETE
FNDA:0,(anonymous_11)
DA:1,0
DA:2,0
DA:4,0
DA:8,0
DA:9,0
DA:12,0
DA:13,0
DA:14,0
DA:15,0
DA:18,0
DA:19,0
DA:20,0
DA:21,0
DA:23,0
DA:24,0
DA:26,0
DA:27,0
DA:31,0
DA:35,0
DA:36,0
DA:37,0
DA:40,0
DA:41,0
DA:42,0
DA:44,0
DA:45,0
DA:46,0
DA:47,0
DA:50,0
DA:51,0
DA:52,0
DA:53,0
DA:56,0
DA:57,0
DA:58,0
DA:59,0
DA:62,0
DA:63,0
DA:67,0
DA:70,0
DA:73,0
DA:74,0
DA:75,0
DA:76,0
DA:77,0
DA:78,0
DA:79,0
DA:80,0
DA:86,0
DA:87,0
DA:88,0
DA:90,0
DA:92,0
DA:94,0
DA:95,0
DA:99,0
DA:103,0
DA:104,0
DA:105,0
DA:106,0
DA:107,0
DA:108,0
DA:112,0
DA:113,0
DA:117,0
DA:118,0
DA:119,0
DA:121,0
DA:122,0
LF:69
LH:0
BRDA:13,0,0,0
BRDA:19,1,0,0
BRDA:23,2,0,0
BRDA:23,2,1,0
BRDA:44,3,0,0
BRDA:50,4,0,0
BRDA:56,5,0,0
BRDA:62,6,0,0
BRDA:76,7,0,0
BRDA:77,8,0,0
BRDA:78,9,0,0
BRDA:86,10,0,0
BRDA:87,11,0,0
BRDA:107,12,0,0
BRDA:112,13,0,0
BRDA:118,14,0,0
BRF:16
BRH:0
end_of_record
TN:
SF:app\api\orders\[id]\assign-driver\route.ts
FN:4,PATCH
FNF:1
FNH:0
FNDA:0,PATCH
DA:1,0
DA:2,0
DA:4,0
DA:8,0
DA:9,0
DA:10,0
DA:11,0
DA:13,0
DA:16,0
DA:17,0
DA:23,0
DA:26,0
DA:33,0
DA:34,0
DA:40,0
DA:41,0
DA:48,0
DA:54,0
DA:55,0
DA:61,0
DA:62,0
DA:69,0
DA:71,0
DA:82,0
DA:83,0
DA:87,0
DA:98,0
DA:100,0
DA:109,0
DA:112,0
DA:117,0
DA:124,0
DA:125,0
DA:129,0
DA:131,0
LF:35
LH:0
BRDA:16,0,0,0
BRDA:33,1,0,0
BRDA:33,2,0,0
BRDA:33,2,1,0
BRDA:40,3,0,0
BRDA:54,4,0,0
BRDA:54,5,0,0
BRDA:54,5,1,0
BRDA:61,6,0,0
BRDA:61,7,0,0
BRDA:61,7,1,0
BRDA:82,8,0,0
BRDA:82,9,0,0
BRDA:82,9,1,0
BRDA:98,10,0,0
BRDA:98,11,0,0
BRDA:98,11,1,0
BRF:17
BRH:0
end_of_record
TN:
SF:app\api\orders\[id]\status\route.ts
FN:5,PATCH
FN:82,DELETE
FNF:2
FNH:0
FNDA:0,PATCH
FNDA:0,DELETE
DA:1,0
DA:2,0
DA:3,0
DA:5,0
DA:9,0
DA:10,0
DA:11,0
DA:12,0
DA:14,0
DA:17,0
DA:19,0
DA:20,0
DA:27,0
DA:28,0
DA:29,0
DA:36,0
DA:37,0
DA:38,0
DA:40,0
DA:41,0
DA:47,0
DA:52,0
DA:55,0
DA:56,0
DA:62,0
DA:65,0
DA:71,0
DA:73,0
DA:82,0
DA:86,0
DA:87,0
DA:88,0
DA:91,0
DA:92,0
DA:93,0
DA:94,0
DA:95,0
DA:97,0
DA:101,0
DA:113,0
DA:115,0
DA:116,0
DA:118,0
LF:43
LH:0
BRDA:19,0,0,0
BRDA:28,1,0,0
BRDA:40,2,0,0
BRDA:40,3,0,0
BRDA:40,3,1,0
BRDA:47,4,0,0
BRDA:47,4,1,0
BRDA:94,5,0,0
BRDA:94,5,1,0
BRDA:94,5,2,0
BRDA:119,6,0,0
BRDA:119,6,1,0
BRF:12
BRH:0
end_of_record
TN:
SF:app\api\orders\archive\route.ts
FN:9,PATCH
FN:10,(anonymous_4)
FNF:2
FNH:0
FNDA:0,PATCH
FNDA:0,(anonymous_4)
DA:1,0
DA:2,0
DA:3,0
DA:4,0
DA:7,0
DA:9,0
DA:10,0
DA:11,0
DA:12,0
DA:13,0
DA:15,0
DA:17,0
DA:18,0
DA:24,0
DA:26,0
DA:27,0
DA:28,0
DA:34,0
DA:36,0
DA:37,0
DA:43,0
DA:51,0
DA:52,0
DA:57,0
LF:24
LH:0
BRDA:17,0,0,0
BRDA:17,1,0,0
BRDA:17,1,1,0
BRDA:34,2,0,0
BRDA:36,3,0,0
BRDA:36,3,1,0
BRDA:40,4,0,0
BRDA:40,4,1,0
BRDA:45,5,0,0
BRDA:45,5,1,0
BRDA:46,6,0,0
BRDA:46,6,1,0
BRDA:47,7,0,0
BRDA:47,7,1,0
BRF:14
BRH:0
end_of_record
TN:
SF:app\api\orders\manual\route.ts
FN:6,POST
FN:77,(anonymous_4)
FNF:2
FNH:0
FNDA:0,POST
FNDA:0,(anonymous_4)
DA:1,0
DA:2,0
DA:4,0
DA:6,0
DA:7,0
DA:8,0
DA:10,0
DA:11,0
DA:14,0
DA:15,0
DA:16,0
DA:17,0
DA:18,0
DA:19,0
DA:20,0
DA:21,0
DA:22,0
DA:23,0
DA:24,0
DA:27,0
DA:29,0
DA:43,0
DA:44,0
DA:49,0
DA:50,0
DA:55,0
DA:56,0
DA:61,0
DA:62,0
DA:67,0
DA:68,0
DA:74,0
DA:77,0
DA:89,0
DA:106,0
DA:108,0
DA:116,0
DA:117,0
DA:118,0
DA:119,0
DA:121,0
DA:122,0
DA:123,0
DA:126,0
LF:44
LH:0
BRDA:14,0,0,0
BRDA:14,0,1,0
BRDA:15,1,0,0
BRDA:15,1,1,0
BRDA:16,2,0,0
BRDA:16,2,1,0
BRDA:17,3,0,0
BRDA:17,3,1,0
BRDA:19,4,0,0
BRDA:19,4,1,0
BRDA:20,5,0,0
BRDA:20,5,1,0
BRDA:21,6,0,0
BRDA:21,6,1,0
BRDA:22,7,0,0
BRDA:22,7,1,0
BRDA:23,8,0,0
BRDA:23,8,1,0
BRDA:24,9,0,0
BRDA:24,9,1,0
BRDA:27,10,0,0
BRDA:27,10,1,0
BRDA:27,11,0,0
BRDA:27,11,1,0
BRDA:43,12,0,0
BRDA:43,13,0,0
BRDA:43,13,1,0
BRDA:49,14,0,0
BRDA:49,15,0,0
BRDA:49,15,1,0
BRDA:55,16,0,0
BRDA:55,17,0,0
BRDA:55,17,1,0
BRDA:61,18,0,0
BRDA:61,19,0,0
BRDA:61,19,1,0
BRDA:61,19,2,0
BRDA:67,20,0,0
BRDA:78,21,0,0
BRDA:78,21,1,0
BRDA:78,21,2,0
BRDA:79,22,0,0
BRDA:79,22,1,0
BRDA:80,23,0,0
BRDA:80,23,1,0
BRDA:81,24,0,0
BRDA:81,24,1,0
BRDA:81,24,2,0
BRDA:82,25,0,0
BRDA:82,25,1,0
BRDA:82,26,0,0
BRDA:82,26,1,0
BRDA:82,27,0,0
BRDA:82,27,1,0
BRDA:82,27,2,0
BRDA:83,28,0,0
BRDA:83,28,1,0
BRDA:84,29,0,0
BRDA:84,29,1,0
BRDA:85,30,0,0
BRDA:85,30,1,0
BRDA:86,31,0,0
BRDA:86,31,1,0
BRDA:101,32,0,0
BRDA:101,32,1,0
BRDA:121,33,0,0
BRDA:129,34,0,0
BRDA:129,34,1,0
BRF:68
BRH:0
end_of_record
TN:
SF:app\api\orders\optimized\route.ts
FN:8,GET
FNF:1
FNH:0
FNDA:0,GET
DA:1,0
DA:2,0
DA:3,0
DA:6,0
DA:8,0
DA:9,0
DA:11,0
DA:12,0
DA:13,0
DA:16,0
DA:17,0
DA:18,0
DA:19,0
DA:20,0
DA:23,0
DA:24,0
DA:26,0
DA:28,0
DA:35,0
DA:37,0
DA:52,0
DA:53,0
LF:22
LH:0
BRDA:12,0,0,0
BRDA:12,1,0,0
BRDA:12,1,1,0
BRDA:23,2,0,0
BRDA:23,2,1,0
BRDA:24,3,0,0
BRDA:24,3,1,0
BRDA:43,4,0,0
BRDA:43,4,1,0
BRDA:56,5,0,0
BRDA:56,5,1,0
BRF:11
BRH:0
end_of_record
TN:
SF:app\api\payments\create\route.ts
FN:6,POST
FN:131,GET
FNF:2
FNH:0
FNDA:0,POST
FNDA:0,GET
DA:1,0
DA:2,0
DA:3,0
DA:4,0
DA:6,0
DA:7,0
DA:9,0
DA:10,0
DA:11,0
DA:14,0
DA:23,0
DA:26,0
DA:27,0
DA:33,0
DA:40,0
DA:41,0
DA:46,0
DA:47,0
DA:48,0
DA:55,0
DA:56,0
DA:63,0
DA:64,0
DA:73,0
DA:75,0
DA:86,0
DA:97,0
DA:98,0
DA:99,0
DA:106,0
DA:111,0
DA:113,0
DA:122,0
DA:123,0
DA:131,0
DA:132,0
DA:133,0
DA:134,0
DA:135,0
DA:137,0
DA:138,0
DA:144,0
DA:146,0
DA:148,0
DA:161,0
DA:162,0
DA:167,0
DA:168,0
DA:169,0
DA:175,0
DA:188,0
DA:189,0
LF:52
LH:0
BRDA:10,0,0,0
BRDA:26,1,0,0
BRDA:26,2,0,0
BRDA:26,2,1,0
BRDA:26,2,2,0
BRDA:26,2,3,0
BRDA:26,2,4,0
BRDA:46,3,0,0
BRDA:47,4,0,0
BRDA:55,5,0,0
BRDA:63,6,0,0
BRDA:73,7,0,0
BRDA:73,7,1,0
BRDA:80,8,0,0
BRDA:80,8,1,0
BRDA:81,9,0,0
BRDA:81,9,1,0
BRDA:91,10,0,0
BRDA:91,10,1,0
BRDA:92,11,0,0
BRDA:92,11,1,0
BRDA:97,12,0,0
BRDA:100,13,0,0
BRDA:100,13,1,0
BRDA:137,14,0,0
BRDA:137,15,0,0
BRDA:137,15,1,0
BRDA:144,16,0,0
BRDA:144,16,1,0
BRDA:167,17,0,0
BRDA:168,18,0,0
BRF:31
BRH:0
end_of_record
TN:
SF:app\api\payments\webhook\route.ts
FN:9,verifyWebhookSignature
FN:55,processPaymentEvent
FN:128,POST
FN:186,GET
FNF:4
FNH:0
FNDA:0,verifyWebhookSignature
FNDA:0,processPaymentEvent
FNDA:0,POST
FNDA:0,GET
DA:1,0
DA:2,0
DA:3,0
DA:4,0
DA:5,0
DA:6,0
DA:10,0
DA:11,0
DA:12,0
DA:13,0
DA:15,0
DA:16,0
DA:19,0
DA:20,0
DA:21,0
DA:22,0
DA:23,0
DA:25,0
DA:26,0
DA:29,0
DA:30,0
DA:35,0
DA:40,0
DA:41,0
DA:47,0
DA:49,0
DA:50,0
DA:56,0
DA:58,0
DA:61,0
DA:62,0
DA:67,0
DA:68,0
DA:69,0
DA:70,0
DA:74,0
DA:75,0
DA:77,0
DA:79,0
DA:80,0
DA:81,0
DA:83,0
DA:87,0
DA:88,0
DA:91,0
DA:92,0
DA:95,0
DA:96,0
DA:100,0
DA:106,0
DA:110,0
DA:113,0
DA:114,0
DA:115,0
DA:121,0
DA:125,0
DA:128,0
DA:129,0
DA:131,0
DA:132,0
DA:133,0
DA:136,0
DA:137,0
DA:141,0
DA:148,0
DA:149,0
DA:150,0
DA:157,0
DA:159,0
DA:160,0
DA:163,0
DA:164,0
DA:167,0
DA:168,0
DA:171,0
DA:174,0
DA:177,0
DA:178,0
DA:186,0
DA:187,0
LF:80
LH:0
BRDA:10,0,0,0
BRDA:11,1,0,0
BRDA:20,2,0,0
BRDA:21,3,0,0
BRDA:40,4,0,0
BRDA:49,5,0,0
BRDA:49,5,1,0
BRDA:67,6,0,0
BRDA:68,7,0,0
BRDA:77,8,0,0
BRDA:77,8,1,0
BRDA:77,8,2,0
BRDA:77,8,3,0
BRDA:77,8,4,0
BRDA:80,9,0,0
BRDA:113,10,0,0
BRDA:132,11,0,0
BRDA:132,12,0,0
BRDA:132,12,1,0
BRDA:137,13,0,0
BRDA:137,13,1,0
BRDA:137,13,2,0
BRDA:144,14,0,0
BRDA:144,14,1,0
BRDA:148,15,0,0
BRDA:157,16,0,0
BRDA:157,16,1,0
BRDA:157,16,2,0
BRDA:157,16,3,0
BRF:29
BRH:0
end_of_record
TN:
SF:app\api\products\route.ts
FN:15,getProductsHandler
FN:26,createProductHandler
FNF:2
FNH:0
FNDA:0,getProductsHandler
FNDA:0,createProductHandler
DA:1,0
DA:2,0
DA:3,0
DA:4,0
DA:5,0
DA:6,0
DA:7,0
DA:8,0
DA:9,0
DA:12,0
DA:16,0
DA:17,0
DA:18,0
DA:21,0
DA:30,0
DA:31,0
DA:34,0
DA:36,0
DA:46,0
DA:49,0
DA:54,0
DA:72,0
DA:100,0
DA:101,0
LF:24
LH:0
BRDA:31,0,0,0
BRDA:31,1,0,0
BRDA:34,2,0,0
BRDA:34,2,1,0
BRDA:38,3,0,0
BRDA:38,3,1,0
BRDA:41,4,0,0
BRDA:41,4,1,0
BRDA:43,5,0,0
BRDA:43,5,1,0
BRDA:44,6,0,0
BRDA:44,6,1,0
BRF:12
BRH:0
end_of_record
TN:
SF:app\api\products\[id]\route.ts
FN:9,GET
FN:52,PUT
FN:56,(anonymous_7)
FN:149,PATCH
FN:178,(anonymous_9)
FN:259,DELETE
FN:263,(anonymous_11)
FNF:7
FNH:0
FNDA:0,GET
FNDA:0,PUT
FNDA:0,(anonymous_7)
FNDA:0,PATCH
FNDA:0,(anonymous_9)
FNDA:0,DELETE
FNDA:0,(anonymous_11)
DA:1,0
DA:2,0
DA:3,0
DA:4,0
DA:9,0
DA:13,0
DA:14,0
DA:15,0
DA:20,0
DA:22,0
DA:23,0
DA:28,0
DA:30,0
DA:41,0
DA:43,0
DA:44,0
DA:52,0
DA:56,0
DA:57,0
DA:58,0
DA:59,0
DA:61,0
DA:73,0
DA:75,0
DA:77,0
DA:78,0
DA:84,0
DA:85,0
DA:86,0
DA:87,0
DA:88,0
DA:95,0
DA:104,0
DA:110,0
DA:112,0
DA:114,0
DA:125,0
DA:126,0
DA:132,0
DA:134,0
DA:135,0
DA:140,0
DA:149,0
DA:153,0
DA:156,0
DA:159,0
DA:175,0
DA:176,0
DA:178,0
DA:179,0
DA:180,0
DA:181,0
DA:182,0
DA:186,0
DA:187,0
DA:194,0
DA:196,0
DA:199,0
DA:205,0
DA:207,0
DA:208,0
DA:215,0
DA:222,0
DA:225,0
DA:231,0
DA:242,0
DA:244,0
DA:245,0
DA:246,0
DA:248,0
DA:259,0
DA:263,0
DA:264,0
DA:265,0
DA:266,0
DA:268,0
DA:269,0
DA:270,0
DA:271,0
DA:272,0
DA:278,0
DA:281,0
DA:282,0
DA:284,0
DA:285,0
DA:291,0
DA:296,0
DA:297,0
DA:303,0
LF:89
LH:0
BRDA:20,0,0,0
BRDA:22,1,0,0
BRDA:33,2,0,0
BRDA:33,2,1,0
BRDA:36,3,0,0
BRDA:36,3,1,0
BRDA:75,4,0,0
BRDA:75,4,1,0
BRDA:77,5,0,0
BRDA:77,6,0,0
BRDA:77,6,1,0
BRDA:77,6,2,0
BRDA:86,7,0,0
BRDA:87,8,0,0
BRDA:97,9,0,0
BRDA:97,9,1,0
BRDA:100,10,0,0
BRDA:100,10,1,0
BRDA:110,11,0,0
BRDA:117,12,0,0
BRDA:117,12,1,0
BRDA:120,13,0,0
BRDA:120,13,1,0
BRDA:121,14,0,0
BRDA:121,14,1,0
BRDA:122,15,0,0
BRDA:122,15,1,0
BRDA:180,16,0,0
BRDA:180,17,0,0
BRDA:180,17,1,0
BRDA:186,18,0,0
BRDA:205,19,0,0
BRDA:207,20,0,0
BRDA:222,21,0,0
BRDA:234,22,0,0
BRDA:234,22,1,0
BRDA:236,23,0,0
BRDA:236,23,1,0
BRDA:237,24,0,0
BRDA:237,24,1,0
BRDA:238,25,0,0
BRDA:238,25,1,0
BRDA:239,26,0,0
BRDA:239,26,1,0
BRDA:245,27,0,0
BRDA:245,28,0,0
BRDA:245,28,1,0
BRDA:251,29,0,0
BRDA:251,29,1,0
BRDA:270,30,0,0
BRDA:271,31,0,0
BRDA:282,32,0,0
BRF:52
BRH:0
end_of_record
TN:
SF:app\api\products\optimized\route.ts
FN:7,GET
FNF:1
FNH:0
FNDA:0,GET
DA:1,0
DA:2,0
DA:5,0
DA:7,0
DA:8,0
DA:9,0
DA:11,0
DA:13,0
DA:15,0
DA:26,0
DA:27,0
LF:11
LH:0
BRDA:29,0,0,0
BRDA:29,0,1,0
BRF:2
BRH:0
end_of_record
TN:
SF:app\api\settings\route.ts
FN:5,GET
FN:37,(anonymous_2)
FNF:2
FNH:0
FNDA:0,GET
FNDA:0,(anonymous_2)
DA:1,0
DA:2,0
DA:5,0
DA:6,0
DA:8,0
DA:33,0
DA:36,0
DA:37,0
DA:38,0
DA:39,0
DA:44,0
DA:68,0
DA:70,0
DA:75,0
DA:76,0
LF:15
LH:0
BRDA:38,0,0,0
BRF:1
BRH:0
end_of_record
TN:
SF:app\api\system-status\route.ts
FN:4,GET
FN:15,(anonymous_2)
FN:87,(anonymous_3)
FN:88,(anonymous_4)
FNF:4
FNH:0
FNDA:0,GET
FNDA:0,(anonymous_2)
FNDA:0,(anonymous_3)
FNDA:0,(anonymous_4)
DA:1,0
DA:2,0
DA:4,0
DA:5,0
DA:6,0
DA:9,0
DA:10,0
DA:13,0
DA:14,0
DA:15,0
DA:18,0
DA:25,0
DA:34,0
DA:36,0
DA:37,0
DA:38,0
DA:44,0
DA:52,0
DA:53,0
DA:54,0
DA:60,0
DA:69,0
DA:72,0
DA:87,0
DA:88,0
DA:95,0
DA:98,0
DA:101,0
DA:104,0
DA:107,0
DA:110,0
DA:112,0
DA:117,0
DA:119,0
DA:120,0
DA:123,0
DA:124,0
DA:127,0
DA:128,0
DA:131,0
DA:132,0
DA:135,0
DA:153,0
DA:155,0
LF:44
LH:0
BRDA:26,0,0,0
BRDA:26,0,1,0
BRDA:27,1,0,0
BRDA:27,1,1,0
BRDA:28,2,0,0
BRDA:28,2,1,0
BRDA:29,3,0,0
BRDA:29,3,1,0
BRDA:30,4,0,0
BRDA:30,4,1,0
BRDA:37,5,0,0
BRDA:37,5,1,0
BRDA:53,6,0,0
BRDA:53,6,1,0
BRDA:98,7,0,0
BRDA:101,8,0,0
BRDA:104,9,0,0
BRDA:104,10,0,0
BRDA:104,10,1,0
BRDA:107,11,0,0
BRDA:110,12,0,0
BRDA:112,13,0,0
BRDA:112,13,1,0
BRDA:113,14,0,0
BRDA:113,14,1,0
BRDA:114,15,0,0
BRDA:114,15,1,0
BRDA:119,16,0,0
BRDA:123,17,0,0
BRDA:127,18,0,0
BRDA:131,19,0,0
BRDA:147,20,0,0
BRDA:147,20,1,0
BRF:33
BRH:0
end_of_record
TN:
SF:app\api\upload\route.ts
FN:6,POST
FNF:1
FNH:0
FNDA:0,POST
DA:1,0
DA:2,0
DA:3,0
DA:4,0
DA:6,0
DA:7,0
DA:8,0
DA:9,0
DA:11,0
DA:12,0
DA:16,0
DA:17,0
DA:21,0
DA:22,0
DA:26,0
DA:27,0
DA:28,0
DA:31,0
DA:33,0
DA:34,0
DA:35,0
DA:36,0
DA:39,0
DA:42,0
DA:43,0
DA:44,0
DA:45,0
DA:47,0
DA:48,0
DA:50,0
DA:51,0
DA:55,0
DA:56,0
DA:58,0
DA:65,0
DA:66,0
LF:36
LH:0
BRDA:11,0,0,0
BRDA:16,1,0,0
BRDA:21,2,0,0
BRDA:34,3,0,0
BRDA:51,4,0,0
BRDA:51,4,1,0
BRDA:68,5,0,0
BRDA:68,5,1,0
BRF:8
BRH:0
end_of_record
TN:
SF:app\api\users\[id]\route.ts
FN:5,GET
FN:41,PUT
FNF:2
FNH:0
FNDA:0,GET
FNDA:0,PUT
DA:1,0
DA:2,0
DA:5,0
DA:6,0
DA:7,0
DA:9,0
DA:10,0
DA:15,0
DA:17,0
DA:18,0
DA:21,0
DA:22,0
DA:24,0
DA:35,0
DA:36,0
DA:41,0
DA:42,0
DA:43,0
DA:45,0
DA:46,0
DA:49,0
DA:50,0
DA:52,0
DA:53,0
DA:55,0
DA:56,0
DA:58,0
DA:59,0
DA:61,0
DA:62,0
DA:64,0
DA:65,0
DA:66,0
DA:70,0
DA:72,0
DA:74,0
DA:75,0
DA:80,0
DA:82,0
DA:83,0
DA:85,0
DA:91,0
DA:93,0
DA:95,0
DA:105,0
DA:106,0
LF:46
LH:0
BRDA:15,0,0,0
BRDA:17,1,0,0
BRDA:49,2,0,0
BRDA:49,3,0,0
BRDA:49,3,1,0
BRDA:52,4,0,0
BRDA:55,5,0,0
BRDA:55,6,0,0
BRDA:55,6,1,0
BRDA:58,7,0,0
BRDA:61,8,0,0
BRDA:61,9,0,0
BRDA:61,9,1,0
BRDA:65,10,0,0
BRDA:65,11,0,0
BRDA:65,11,1,0
BRDA:80,12,0,0
BRDA:82,13,0,0
BRDA:91,14,0,0
BRF:19
BRH:0
end_of_record
TN:
SF:app\cadastro\loading.tsx
FN:1,Loading
FNF:1
FNH:0
FNDA:0,Loading
DA:1,0
DA:2,0
LF:2
LH:0
BRF:0
BRH:0
end_of_record
TN:
SF:app\cadastro\page.tsx
FN:17,RegisterPage
FN:44,(anonymous_6)
FN:51,(anonymous_7)
FN:58,(anonymous_8)
FN:59,(anonymous_9)
FN:64,(anonymous_10)
FN:65,(anonymous_11)
FN:69,(anonymous_12)
FN:144,(anonymous_13)
FN:175,(anonymous_14)
FN:186,(anonymous_15)
FN:203,(anonymous_16)
FN:240,(anonymous_17)
FN:253,(anonymous_18)
FN:268,(anonymous_19)
FN:283,(anonymous_20)
FN:293,(anonymous_21)
FN:312,(anonymous_22)
FN:322,(anonymous_23)
FNF:19
FNH:0
FNDA:0,RegisterPage
FNDA:0,(anonymous_6)
FNDA:0,(anonymous_7)
FNDA:0,(anonymous_8)
FNDA:0,(anonymous_9)
FNDA:0,(anonymous_10)
FNDA:0,(anonymous_11)
FNDA:0,(anonymous_12)
FNDA:0,(anonymous_13)
FNDA:0,(anonymous_14)
FNDA:0,(anonymous_15)
FNDA:0,(anonymous_16)
FNDA:0,(anonymous_17)
FNDA:0,(anonymous_18)
FNDA:0,(anonymous_19)
FNDA:0,(anonymous_20)
FNDA:0,(anonymous_21)
FNDA:0,(anonymous_22)
FNDA:0,(anonymous_23)
DA:3,0
DA:5,0
DA:6,0
DA:7,0
DA:8,0
DA:9,0
DA:10,0
DA:11,0
DA:12,0
DA:13,0
DA:14,0
DA:15,0
DA:17,0
DA:18,0
DA:34,0
DA:35,0
DA:36,0
DA:37,0
DA:38,0
DA:39,0
DA:40,0
DA:41,0
DA:44,0
DA:45,0
DA:46,0
DA:51,0
DA:52,0
DA:53,0
DA:54,0
DA:58,0
DA:59,0
DA:60,0
DA:61,0
DA:64,0
DA:65,0
DA:66,0
DA:69,0
DA:71,0
DA:72,0
DA:73,0
DA:75,0
DA:76,0
DA:77,0
DA:81,0
DA:82,0
DA:83,0
DA:85,0
DA:86,0
DA:87,0
DA:91,0
DA:92,0
DA:93,0
DA:95,0
DA:96,0
DA:97,0
DA:98,0
DA:102,0
DA:103,0
DA:104,0
DA:106,0
DA:107,0
DA:108,0
DA:110,0
DA:111,0
DA:112,0
DA:116,0
DA:117,0
DA:118,0
DA:120,0
DA:121,0
DA:122,0
DA:124,0
DA:125,0
DA:126,0
DA:128,0
DA:129,0
DA:130,0
DA:132,0
DA:133,0
DA:134,0
DA:136,0
DA:137,0
DA:138,0
DA:141,0
DA:144,0
DA:145,0
DA:147,0
DA:149,0
DA:150,0
DA:151,0
DA:153,0
DA:155,0
DA:163,0
DA:170,0
DA:172,0
DA:175,0
DA:176,0
DA:179,0
DA:180,0
DA:182,0
DA:186,0
DA:188,0
DA:189,0
DA:190,0
DA:191,0
DA:193,0
DA:203,0
DA:240,0
DA:253,0
DA:268,0
DA:283,0
DA:293,0
DA:312,0
DA:322,0
LF:114
LH:0
BRDA:45,0,0,0
BRDA:53,1,0,0
BRDA:60,2,0,0
BRDA:61,3,0,0
BRDA:66,4,0,0
BRDA:71,5,0,0
BRDA:75,6,0,0
BRDA:81,7,0,0
BRDA:85,8,0,0
BRDA:91,9,0,0
BRDA:96,10,0,0
BRDA:96,11,0,0
BRDA:96,11,1,0
BRDA:102,12,0,0
BRDA:106,13,0,0
BRDA:106,14,0,0
BRDA:106,14,1,0
BRDA:110,15,0,0
BRDA:116,16,0,0
BRDA:120,17,0,0
BRDA:124,18,0,0
BRDA:128,19,0,0
BRDA:132,20,0,0
BRDA:136,21,0,0
BRDA:147,22,0,0
BRDA:180,23,0,0
BRDA:180,23,1,0
BRDA:188,24,0,0
BRDA:188,24,1,0
BRDA:190,25,0,0
BRDA:217,26,0,0
BRDA:224,27,0,0
BRDA:281,28,0,0
BRDA:281,28,1,0
BRDA:297,29,0,0
BRDA:310,30,0,0
BRDA:310,30,1,0
BRDA:326,31,0,0
BRDA:343,32,0,0
BRDA:343,32,1,0
BRF:40
BRH:0
end_of_record
TN:
SF:app\cardapio\page.tsx
FN:20,MenuPage
FN:35,(anonymous_2)
FN:46,(anonymous_3)
FN:55,(anonymous_4)
FN:56,(anonymous_5)
FN:63,(anonymous_6)
FN:66,(anonymous_7)
FN:68,(anonymous_8)
FN:74,(anonymous_9)
FN:84,(anonymous_10)
FN:89,(anonymous_11)
FN:103,(anonymous_12)
FN:116,(anonymous_13)
FN:131,(anonymous_14)
FN:196,(anonymous_15)
FN:208,(anonymous_16)
FN:215,(anonymous_17)
FN:244,(anonymous_18)
FN:277,(anonymous_19)
FN:298,(anonymous_20)
FN:303,(anonymous_21)
FNF:21
FNH:0
FNDA:0,MenuPage
FNDA:0,(anonymous_2)
FNDA:0,(anonymous_3)
FNDA:0,(anonymous_4)
FNDA:0,(anonymous_5)
FNDA:0,(anonymous_6)
FNDA:0,(anonymous_7)
FNDA:0,(anonymous_8)
FNDA:0,(anonymous_9)
FNDA:0,(anonymous_10)
FNDA:0,(anonymous_11)
FNDA:0,(anonymous_12)
FNDA:0,(anonymous_13)
FNDA:0,(anonymous_14)
FNDA:0,(anonymous_15)
FNDA:0,(anonymous_16)
FNDA:0,(anonymous_17)
FNDA:0,(anonymous_18)
FNDA:0,(anonymous_19)
FNDA:0,(anonymous_20)
FNDA:0,(anonymous_21)
DA:3,0
DA:4,0
DA:5,0
DA:6,0
DA:7,0
DA:8,0
DA:9,0
DA:10,0
DA:11,0
DA:12,0
DA:13,0
DA:14,0
DA:15,0
DA:16,0
DA:17,0
DA:20,0
DA:21,0
DA:22,0
DA:23,0
DA:24,0
DA:25,0
DA:26,0
DA:33,0
DA:36,0
DA:37,0
DA:38,0
DA:39,0
DA:44,0
DA:47,0
DA:48,0
DA:49,0
DA:50,0
DA:55,0
DA:56,0
DA:57,0
DA:61,0
DA:63,0
DA:66,0
DA:67,0
DA:69,0
DA:74,0
DA:75,0
DA:76,0
DA:77,0
DA:78,0
DA:79,0
DA:84,0
DA:85,0
DA:89,0
DA:90,0
DA:91,0
DA:92,0
DA:97,0
DA:100,0
DA:103,0
DA:113,0
DA:116,0
DA:131,0
DA:196,0
DA:209,0
DA:210,0
DA:212,0
DA:215,0
DA:245,0
DA:246,0
DA:248,0
DA:277,0
DA:298,0
DA:303,0
LF:69
LH:0
BRDA:30,0,0,0
BRDA:37,1,0,0
BRDA:39,2,0,0
BRDA:39,2,1,0
BRDA:39,3,0,0
BRDA:39,3,1,0
BRDA:44,4,0,0
BRDA:48,5,0,0
BRDA:50,6,0,0
BRDA:50,6,1,0
BRDA:56,7,0,0
BRDA:56,7,1,0
BRDA:61,8,0,0
BRDA:61,8,1,0
BRDA:63,9,0,0
BRDA:63,9,1,0
BRDA:66,10,0,0
BRDA:66,10,1,0
BRDA:67,11,0,0
BRDA:67,11,1,0
BRDA:69,12,0,0
BRDA:69,12,1,0
BRDA:75,13,0,0
BRDA:77,14,0,0
BRDA:91,15,0,0
BRDA:97,16,0,0
BRDA:97,16,1,0
BRDA:100,17,0,0
BRDA:113,18,0,0
BRDA:135,19,0,0
BRDA:135,19,1,0
BRDA:141,20,0,0
BRDA:141,20,1,0
BRDA:152,21,0,0
BRDA:174,22,0,0
BRDA:195,23,0,0
BRDA:195,23,1,0
BRDA:198,24,0,0
BRDA:198,24,1,0
BRDA:205,25,0,0
BRDA:205,25,1,0
BRDA:209,26,0,0
BRDA:209,26,1,0
BRDA:210,27,0,0
BRDA:243,28,0,0
BRDA:245,29,0,0
BRDA:245,29,1,0
BRDA:246,30,0,0
BRDA:253,31,0,0
BRDA:262,32,0,0
BRDA:277,33,0,0
BRDA:277,34,0,0
BRDA:277,34,1,0
BRDA:289,35,0,0
BRDA:289,35,1,0
BRDA:297,36,0,0
BRDA:302,37,0,0
BRF:57
BRH:0
end_of_record
TN:
SF:app\checkout\page.tsx
FN:14,CheckoutPage
FN:27,(anonymous_2)
FN:50,(anonymous_3)
FN:133,(anonymous_4)
FN:178,(anonymous_5)
FN:196,(anonymous_6)
FNF:6
FNH:0
FNDA:0,CheckoutPage
FNDA:0,(anonymous_2)
FNDA:0,(anonymous_3)
FNDA:0,(anonymous_4)
FNDA:0,(anonymous_5)
FNDA:0,(anonymous_6)
DA:3,0
DA:4,0
DA:5,0
DA:6,0
DA:7,0
DA:8,0
DA:9,0
DA:10,0
DA:11,0
DA:12,0
DA:14,0
DA:15,0
DA:16,0
DA:17,0
DA:18,0
DA:19,0
DA:20,0
DA:21,0
DA:23,0
DA:24,0
DA:25,0
DA:27,0
DA:28,0
DA:29,0
DA:34,0
DA:35,0
DA:38,0
DA:39,0
DA:40,0
DA:43,0
DA:44,0
DA:47,0
DA:50,0
DA:77,0
DA:79,0
DA:88,0
DA:89,0
DA:90,0
DA:92,0
DA:93,0
DA:96,0
DA:97,0
DA:100,0
DA:101,0
DA:104,0
DA:107,0
DA:108,0
DA:109,0
DA:113,0
DA:116,0
DA:119,0
DA:120,0
DA:124,0
DA:126,0
DA:127,0
DA:133,0
DA:134,0
DA:137,0
DA:140,0
DA:142,0
DA:143,0
DA:144,0
DA:145,0
DA:146,0
DA:147,0
DA:148,0
DA:150,0
DA:155,0
DA:156,0
DA:159,0
DA:165,0
DA:170,0
DA:178,0
DA:196,0
LF:74
LH:0
BRDA:28,0,0,0
BRDA:58,1,0,0
BRDA:58,1,1,0
BRDA:61,2,0,0
BRDA:61,2,1,0
BRDA:62,3,0,0
BRDA:62,3,1,0
BRDA:96,4,0,0
BRDA:100,5,0,0
BRDA:104,6,0,0
BRDA:104,6,1,0
BRDA:107,7,0,0
BRDA:119,8,0,0
BRDA:124,9,0,0
BRDA:124,9,1,0
BRDA:126,10,0,0
BRDA:126,10,1,0
BRDA:142,11,0,0
BRDA:143,12,0,0
BRDA:143,12,1,0
BRDA:145,13,0,0
BRDA:145,13,1,0
BRDA:147,14,0,0
BRDA:147,14,1,0
BRDA:155,15,0,0
BRDA:155,16,0,0
BRDA:155,16,1,0
BRDA:170,17,0,0
BRF:28
BRH:0
end_of_record
TN:
SF:app\checkout-simple\page.tsx
FN:13,SimpleCheckoutPage
FN:21,(anonymous_2)
FN:51,(anonymous_3)
FN:90,(anonymous_4)
FN:114,(anonymous_5)
FNF:5
FNH:0
FNDA:0,SimpleCheckoutPage
FNDA:0,(anonymous_2)
FNDA:0,(anonymous_3)
FNDA:0,(anonymous_4)
FNDA:0,(anonymous_5)
DA:3,0
DA:4,0
DA:5,0
DA:6,0
DA:7,0
DA:8,0
DA:9,0
DA:10,0
DA:11,0
DA:13,0
DA:14,0
DA:15,0
DA:16,0
DA:17,0
DA:18,0
DA:19,0
DA:21,0
DA:22,0
DA:23,0
DA:28,0
DA:29,0
DA:32,0
DA:33,0
DA:38,0
DA:41,0
DA:42,0
DA:45,0
DA:46,0
DA:49,0
DA:51,0
DA:65,0
DA:67,0
DA:75,0
DA:76,0
DA:78,0
DA:79,0
DA:83,0
DA:85,0
DA:90,0
DA:91,0
DA:95,0
DA:96,0
DA:102,0
DA:106,0
DA:114,0
LF:45
LH:0
BRDA:22,0,0,0
BRDA:32,1,0,0
BRDA:62,2,0,0
BRDA:62,2,1,0
BRDA:78,3,0,0
BRDA:79,4,0,0
BRDA:79,4,1,0
BRDA:98,5,0,0
BRDA:98,5,1,0
BRDA:106,6,0,0
BRF:10
BRH:0
end_of_record
TN:
SF:app\conta\page.tsx
FN:14,AccountPage
FN:28,(anonymous_2)
FN:38,(anonymous_3)
FN:67,(anonymous_4)
FN:103,(anonymous_5)
FN:128,(anonymous_6)
FN:141,(anonymous_7)
FN:142,(anonymous_8)
FN:147,(anonymous_9)
FN:174,(anonymous_10)
FN:216,(anonymous_11)
FN:231,(anonymous_12)
FN:247,(anonymous_13)
FNF:13
FNH:0
FNDA:0,AccountPage
FNDA:0,(anonymous_2)
FNDA:0,(anonymous_3)
FNDA:0,(anonymous_4)
[...]
DA:232,0
DA:239,0
DA:242,0
DA:243,0
DA:244,0
DA:250,0
DA:253,0
DA:254,0
DA:255,0
DA:259,0
DA:261,0
DA:262,0
DA:265,0
DA:267,0
DA:270,0
DA:274,0
DA:275,0
DA:276,0
DA:279,0
DA:280,0
DA:282,0
DA:283,0
DA:289,0
DA:292,0
DA:293,0
DA:300,0
DA:304,0
DA:308,0
DA:313,0
DA:317,0
DA:318,0
DA:328,0
LF:79
LH:0
BRDA:35,0,0,0
BRDA:40,1,0,0
BRDA:40,1,1,0
BRDA:42,2,0,0
BRDA:42,2,1,0
BRDA:47,3,0,0
BRDA:47,3,1,0
BRDA:48,4,0,0
BRDA:48,4,1,0
BRDA:57,5,0,0
BRDA:62,6,0,0
BRDA:62,6,1,0
BRDA:64,7,0,0
BRDA:64,8,0,0
BRDA:64,8,1,0
BRDA:76,9,0,0
BRDA:76,9,1,0
BRDA:77,10,0,0
BRDA:77,10,1,0
BRDA:85,11,0,0
BRDA:85,11,1,0
BRDA:90,12,0,0
BRDA:90,12,1,0
BRDA:99,13,0,0
BRDA:99,13,1,0
BRDA:107,14,0,0
BRDA:107,15,0,0
BRDA:107,15,1,0
BRDA:107,16,0,0
BRDA:107,16,1,0
BRDA:116,17,0,0
BRDA:116,17,1,0
BRDA:127,18,0,0
BRDA:128,19,0,0
BRDA:128,19,1,0
BRDA:152,20,0,0
BRDA:152,20,1,0
BRDA:155,21,0,0
BRDA:155,21,1,0
BRDA:167,22,0,0
BRDA:167,22,1,0
BRDA:168,23,0,0
BRDA:168,23,1,0
BRDA:172,24,0,0
BRDA:172,24,1,0
BRDA:194,25,0,0
BRDA:194,25,1,0
BRDA:204,26,0,0
BRDA:213,27,0,0
BRDA:213,27,1,0
BRDA:220,28,0,0
BRDA:243,29,0,0
BRDA:254,30,0,0
BRDA:270,31,0,0
BRDA:270,32,0,0
BRDA:270,32,1,0
BRDA:270,32,2,0
BRDA:279,33,0,0
BRDA:279,34,0,0
BRDA:279,34,1,0
BRF:60
BRH:0
end_of_record
TN:
SF:lib\supabase.ts
FN:80,getSupabaseServerClient
FN:85,assertSupabaseConfigured
FNF:2
FNH:0
FNDA:0,getSupabaseServerClient
FNDA:0,assertSupabaseConfigured
DA:1,0
DA:2,0
DA:3,0
DA:4,0
DA:7,0
DA:8,0
DA:10,0
DA:11,0
DA:12,0
DA:13,0
DA:16,0
DA:21,0
DA:22,0
DA:25,0
DA:26,0
DA:32,0
DA:40,0
DA:41,0
DA:42,0
DA:46,0
DA:47,0
DA:48,0
DA:49,0
DA:50,0
DA:53,0
DA:54,0
DA:55,0
DA:56,0
DA:57,0
DA:61,0
DA:65,0
DA:72,0
DA:75,0
DA:78,0
DA:80,0
DA:81,0
DA:82,0
DA:85,0
DA:88,0
DA:90,0
DA:91,0
DA:92,0
DA:93,0
DA:96,0
DA:99,0
LF:45
LH:0
BRDA:7,0,0,0
BRDA:11,1,0,0
BRDA:11,2,0,0
BRDA:11,2,1,0
BRDA:16,3,0,0
BRDA:16,3,1,0
BRDA:25,4,0,0
BRDA:25,4,1,0
BRDA:41,5,0,0
BRDA:46,6,0,0
BRDA:53,7,0,0
BRDA:90,8,0,0
BRDA:90,9,0,0
BRDA:90,9,1,0
BRF:14
BRH:0
end_of_record
TN:
SF:lib\thermal-printer.ts
FN:23,(anonymous_4)
FN:30,(anonymous_5)
FN:37,(anonymous_6)
FN:77,(anonymous_7)
FN:116,(anonymous_8)
FN:156,(anonymous_9)
FN:197,(anonymous_10)
FN:228,getBematechPrinter
FN:238,useThermalPrinter
FN:241,(anonymous_13)
FN:253,(anonymous_14)
FN:265,(anonymous_15)
FN:277,(anonymous_16)
FN:286,(anonymous_17)
FNF:14
FNH:0
FNDA:0,(anonymous_4)
FNDA:0,(anonymous_5)
FNDA:0,(anonymous_6)
FNDA:0,(anonymous_7)
FNDA:0,(anonymous_8)
FNDA:0,(anonymous_9)
FNDA:0,(anonymous_10)
FNDA:0,getBematechPrinter
FNDA:0,useThermalPrinter
FNDA:0,(anonymous_13)
FNDA:0,(anonymous_14)
FNDA:0,(anonymous_15)
FNDA:0,(anonymous_16)
FNDA:0,(anonymous_17)
DA:19,0
DA:21,0
DA:24,0
DA:31,0
DA:39,0
DA:40,0
DA:41,0
DA:47,0
DA:48,0
DA:57,0
DA:58,0
DA:61,0
DA:62,0
DA:63,0
DA:65,0
DA:66,0
DA:67,0
DA:79,0
DA:80,0
DA:81,0
DA:87,0
DA:88,0
DA:96,0
DA:97,0
DA:100,0
DA:101,0
DA:102,0
DA:104,0
DA:105,0
DA:106,0
DA:118,0
DA:119,0
DA:120,0
DA:126,0
DA:127,0
DA:136,0
DA:137,0
DA:140,0
DA:141,0
DA:142,0
DA:144,0
DA:145,0
DA:146,0
DA:158,0
DA:159,0
DA:160,0
DA:171,0
DA:172,0
DA:180,0
DA:181,0
DA:184,0
DA:185,0
DA:186,0
DA:188,0
DA:189,0
DA:190,0
DA:199,0
DA:200,0
DA:201,0
DA:204,0
DA:205,0
DA:214,0
DA:217,0
DA:223,0
DA:228,0
DA:229,0
DA:230,0
DA:232,0
DA:238,0
DA:239,0
DA:241,0
DA:242,0
DA:243,0
DA:245,0
DA:246,0
DA:253,0
DA:254,0
DA:255,0
DA:257,0
DA:258,0
DA:265,0
DA:266,0
DA:267,0
DA:269,0
DA:270,0
DA:277,0
DA:278,0
DA:279,0
DA:281,0
DA:282,0
DA:286,0
DA:287,0
DA:288,0
DA:290,0
DA:291,0
DA:295,0
LF:96
LH:0
BRDA:23,0,0,0
BRDA:39,1,0,0
BRDA:39,2,0,0
BRDA:39,2,1,0
BRDA:57,3,0,0
BRDA:69,4,0,0
BRDA:69,4,1,0
BRDA:79,5,0,0
BRDA:79,6,0,0
BRDA:79,6,1,0
BRDA:96,7,0,0
BRDA:108,8,0,0
BRDA:108,8,1,0
BRDA:118,9,0,0
BRDA:118,10,0,0
BRDA:118,10,1,0
BRDA:136,11,0,0
BRDA:148,12,0,0
BRDA:148,12,1,0
BRDA:158,13,0,0
BRDA:158,14,0,0
BRDA:158,14,1,0
BRDA:180,15,0,0
BRDA:199,16,0,0
BRDA:199,17,0,0
BRDA:199,17,1,0
BRDA:229,18,0,0
BRDA:248,19,0,0
BRDA:248,19,1,0
BRDA:260,20,0,0
BRDA:260,20,1,0
BRDA:272,21,0,0
BRDA:272,21,1,0
BRF:33
BRH:0
end_of_record
TN:
SF:lib\utils.ts
FN:4,cn
FN:8,formatPrice
FN:13,formatCurrency
FN:21,formatCurrencyInput
FN:36,formatCurrencyInputFromReais
FN:44,parseCurrencyInput
FN:55,useCurrencyInput
FN:56,(anonymous_15)
FN:60,(anonymous_16)
FNF:9
FNH:0
FNDA:0,cn
FNDA:0,formatPrice
FNDA:0,formatCurrency
FNDA:0,formatCurrencyInput
FNDA:0,formatCurrencyInputFromReais
FNDA:0,parseCurrencyInput
FNDA:0,useCurrencyInput
FNDA:0,(anonymous_15)
FNDA:0,(anonymous_16)
DA:1,0
DA:2,0
DA:4,0
DA:5,0
DA:8,0
DA:9,0
DA:10,0
DA:13,0
DA:14,0
DA:15,0
DA:21,0
DA:22,0
DA:24,0
DA:27,0
DA:30,0
DA:31,0
DA:33,0
DA:36,0
DA:37,0
DA:40,0
DA:41,0
DA:44,0
DA:45,0
DA:47,0
DA:52,0
DA:55,0
DA:56,0
DA:57,0
DA:60,0
DA:61,0
DA:62,0
DA:64,0
DA:67,0
LF:33
LH:0
BRDA:9,0,0,0
BRDA:9,0,1,0
BRDA:10,1,0,0
BRDA:10,1,1,0
BRDA:14,2,0,0
BRDA:14,2,1,0
BRDA:14,3,0,0
BRDA:14,3,1,0
BRDA:24,4,0,0
BRDA:37,5,0,0
BRDA:45,6,0,0
BRDA:52,7,0,0
BRDA:52,7,1,0
BRDA:55,8,0,0
BRF:14
BRH:0
end_of_record
TN:
SF:lib\validation-middleware.ts
FN:34,withValidation
FN:41,(anonymous_7)
FN:87,(anonymous_8)
FN:130,withQueryValidation
FN:137,(anonymous_10)
FN:161,(anonymous_11)
FN:202,withParamsValidation
FN:209,(anonymous_13)
FN:229,(anonymous_14)
FN:268,processQueryData
FN:299,withFullValidation
FN:318,(anonymous_17)
FN:367,(anonymous_18)
FNF:13
FNH:1
FNDA:1,withValidation
FNDA:0,(anonymous_7)
FNDA:0,(anonymous_8)
FNDA:0,withQueryValidation
FNDA:0,(anonymous_10)
FNDA:0,(anonymous_11)
FNDA:0,withParamsValidation
FNDA:0,(anonymous_13)
FNDA:0,(anonymous_14)
FNDA:0,processQueryData
FNDA:0,withFullValidation
FNDA:0,(anonymous_17)
FNDA:0,(anonymous_18)
DA:2,1
DA:3,1
DA:5,1
DA:22,1
DA:34,1
DA:39,1
DA:41,1
DA:42,0
DA:46,0
DA:48,0
DA:49,0
DA:52,0
DA:53,0
DA:55,0
DA:56,0
DA:63,0
DA:71,0
DA:73,0
DA:74,0
DA:82,0
DA:85,0
DA:87,0
DA:93,0
DA:94,0
DA:102,0
DA:111,0
DA:112,0
DA:118,0
DA:130,0
DA:135,0
DA:137,0
DA:138,0
DA:140,0
DA:141,0
DA:144,0
DA:147,0
DA:149,0
DA:150,0
DA:157,0
DA:160,0
DA:161,0
DA:167,0
DA:168,0
DA:175,0
DA:183,0
DA:184,0
DA:190,0
DA:202,0
DA:207,0
DA:209,0
DA:210,0
DA:212,0
DA:215,0
DA:217,0
DA:218,0
DA:225,0
DA:228,0
DA:229,0
DA:235,0
DA:236,0
DA:243,0
DA:251,0
DA:252,0
DA:258,0
DA:269,0
DA:271,0
DA:273,0
DA:274,0
DA:277,0
DA:278,0
DA:281,0
DA:282,0
DA:286,0
DA:290,0
DA:299,0
DA:316,0
DA:318,0
DA:319,0
DA:324,0
DA:327,0
DA:328,0
DA:329,0
DA:330,0
DA:332,0
DA:333,0
DA:335,0
DA:340,0
DA:341,0
DA:342,0
DA:343,0
DA:344,0
DA:348,0
DA:349,0
DA:350,0
DA:353,0
DA:354,0
DA:363,0
DA:366,0
DA:367,0
DA:373,0
DA:374,0
DA:381,0
DA:389,0
DA:390,0
DA:396,0
DA:402,1
LF:106
LH:8
BRDA:37,0,0,1
BRDA:46,1,0,0
BRDA:46,1,1,0
BRDA:55,2,0,0
BRDA:59,3,0,0
BRDA:59,3,1,0
BRDA:73,4,0,0
BRDA:77,5,0,0
BRDA:77,5,1,0
BRDA:85,6,0,0
BRDA:85,6,1,0
BRDA:93,7,0,0
BRDA:98,8,0,0
BRDA:98,8,1,0
BRDA:104,9,0,0
BRDA:104,9,1,0
BRDA:111,10,0,0
BRDA:133,11,0,0
BRDA:149,12,0,0
BRDA:160,13,0,0
BRDA:160,13,1,0
BRDA:167,14,0,0
BRDA:177,15,0,0
BRDA:177,15,1,0
BRDA:183,16,0,0
BRDA:205,17,0,0
BRDA:212,18,0,0
BRDA:212,18,1,0
BRDA:217,19,0,0
BRDA:228,20,0,0
BRDA:228,20,1,0
BRDA:235,21,0,0
BRDA:245,22,0,0
BRDA:245,22,1,0
BRDA:251,23,0,0
BRDA:273,24,0,0
BRDA:273,24,1,0
BRDA:277,25,0,0
BRDA:277,25,1,0
BRDA:281,26,0,0
BRDA:281,26,1,0
BRDA:281,27,0,0
BRDA:281,27,1,0
BRDA:314,28,0,0
BRDA:327,29,0,0
BRDA:327,30,0,0
BRDA:327,30,1,0
BRDA:332,31,0,0
BRDA:340,32,0,0
BRDA:348,33,0,0
BRDA:349,34,0,0
BRDA:349,34,1,0
BRDA:353,35,0,0
BRDA:366,36,0,0
BRDA:366,36,1,0
BRDA:373,37,0,0
BRDA:383,38,0,0
BRDA:383,38,1,0
BRDA:389,39,0,0
BRF:59
BRH:1
end_of_record
TN:
SF:lib\validation-schemas.ts
FN:10,(anonymous_16)
FN:16,(anonymous_17)
FN:26,(anonymous_18)
FN:27,(anonymous_19)
FN:31,(anonymous_20)
FN:33,(anonymous_21)
FN:46,(anonymous_22)
FN:58,(anonymous_23)
FN:63,(anonymous_24)
FN:68,(anonymous_25)
FN:73,(anonymous_26)
FN:77,(anonymous_27)
FN:82,(anonymous_28)
FN:87,(anonymous_29)
FN:95,(anonymous_30)
FN:100,(anonymous_31)
FN:105,(anonymous_32)
FN:130,(anonymous_33)
FN:135,(anonymous_34)
FN:173,(anonymous_35)
FN:187,(anonymous_36)
FN:188,(anonymous_37)
FN:189,(anonymous_38)
FN:190,(anonymous_39)
FN:200,(anonymous_40)
FN:206,(anonymous_41)
FN:211,(anonymous_42)
FN:212,(anonymous_43)
FN:220,(anonymous_44)
FN:246,(anonymous_45)
FN:251,(anonymous_46)
FN:264,(anonymous_47)
FN:268,(anonymous_48)
FN:270,(anonymous_49)
FN:289,(anonymous_50)
FN:298,(anonymous_51)
FN:310,(anonymous_52)
FN:345,validateData
FN:357,(anonymous_54)
FN:368,validateDataAsync
FN:380,(anonymous_56)
FNF:41
FNH:8
FNDA:0,(anonymous_16)
FNDA:0,(anonymous_17)
FNDA:0,(anonymous_18)
FNDA:0,(anonymous_19)
FNDA:0,(anonymous_20)
FNDA:0,(anonymous_21)
FNDA:0,(anonymous_22)
FNDA:0,(anonymous_23)
FNDA:0,(anonymous_24)
FNDA:0,(anonymous_25)
FNDA:0,(anonymous_26)
FNDA:0,(anonymous_27)
FNDA:0,(anonymous_28)
FNDA:0,(anonymous_29)
FNDA:5,(anonymous_30)
FNDA:6,(anonymous_31)
FNDA:6,(anonymous_32)
FNDA:0,(anonymous_33)
FNDA:0,(anonymous_34)
FNDA:9,(anonymous_35)
FNDA:6,(anonymous_36)
FNDA:6,(anonymous_37)
FNDA:6,(anonymous_38)
FNDA:6,(anonymous_39)
FNDA:0,(anonymous_40)
FNDA:0,(anonymous_41)
FNDA:0,(anonymous_42)
FNDA:0,(anonymous_43)
FNDA:0,(anonymous_44)
FNDA:0,(anonymous_45)
FNDA:0,(anonymous_46)
FNDA:0,(anonymous_47)
FNDA:0,(anonymous_48)
FNDA:0,(anonymous_49)
FNDA:0,(anonymous_50)
FNDA:0,(anonymous_51)
FNDA:0,(anonymous_52)
FNDA:0,validateData
FNDA:0,(anonymous_54)
FNDA:0,validateDataAsync
FNDA:0,(anonymous_56)
DA:2,2
DA:5,2
DA:10,0
DA:18,0
DA:26,0
DA:27,0
DA:31,0
DA:33,0
DA:42,2
DA:46,0
DA:54,2
DA:58,0
DA:63,0
DA:68,0
DA:73,0
DA:77,0
DA:82,0
DA:87,0
DA:91,6
DA:95,5
DA:100,6
DA:105,6
DA:126,2
DA:130,0
DA:135,0
DA:144,9
DA:173,9
DA:177,7
DA:187,6
DA:188,6
DA:189,6
DA:190,6
DA:196,2
DA:200,0
DA:206,0
DA:211,0
DA:212,0
DA:220,0
DA:229,2
DA:239,2
DA:246,0
DA:251,0
DA:260,2
DA:264,0
DA:268,0
DA:270,0
DA:281,2
DA:290,0
DA:298,0
DA:306,2
DA:310,0
DA:345,0
DA:350,0
DA:351,0
DA:352,0
DA:354,0
DA:355,0
DA:357,0
DA:363,0
DA:368,0
DA:373,0
DA:374,0
DA:375,0
DA:377,0
DA:378,0
DA:380,0
DA:386,0
LF:67
LH:22
BRDA:18,0,0,0
BRDA:18,0,1,0
BRDA:31,1,0,0
BRDA:31,1,1,0
BRDA:33,2,0,0
BRDA:33,2,1,0
BRDA:33,2,2,0
BRDA:87,3,0,0
BRDA:87,3,1,0
BRDA:100,4,0,6
BRDA:100,4,1,2
BRDA:135,5,0,0
BRDA:135,5,1,0
BRDA:173,6,0,9
BRDA:173,6,1,8
BRDA:268,7,0,0
BRDA:268,7,1,0
BRDA:270,8,0,0
BRDA:270,8,1,0
BRDA:270,8,2,0
BRDA:290,9,0,0
BRDA:290,9,1,0
BRDA:310,10,0,0
BRDA:310,10,1,0
BRDA:354,11,0,0
BRDA:377,12,0,0
BRF:26
BRH:4
end_of_record
TN:
SF:lib\admin\data-management.ts
FN:5,exportClientsToExcel
FN:27,exportProductsToExcel
FN:53,importClientsFromFile
FN:84,deleteAllClients
FN:111,deleteAllProducts
FN:138,deleteAllSales
FN:169,downloadFile
FN:180,validateFileType
FNF:8
FNH:0
FNDA:0,exportClientsToExcel
FNDA:0,exportProductsToExcel
FNDA:0,importClientsFromFile
FNDA:0,deleteAllClients
FNDA:0,deleteAllProducts
FNDA:0,deleteAllSales
FNDA:0,downloadFile
FNDA:0,validateFileType
DA:5,0
DA:6,0
DA:7,0
DA:9,0
DA:11,0
DA:12,0
DA:15,0
DA:16,0
DA:17,0
DA:19,0
DA:22,0
DA:23,0
DA:27,0
DA:28,0
DA:29,0
DA:31,0
DA:33,0
DA:34,0
DA:37,0
DA:38,0
DA:39,0
DA:41,0
DA:44,0
DA:45,0
DA:53,0
DA:54,0
DA:55,0
DA:57,0
DA:58,0
DA:60,0
DA:65,0
DA:67,0
DA:68,0
DA:71,0
DA:72,0
DA:75,0
DA:76,0
DA:84,0
DA:85,0
DA:86,0
DA:88,0
DA:96,0
DA:98,0
DA:99,0
DA:102,0
DA:103,0
DA:106,0
DA:107,0
DA:111,0
DA:112,0
DA:113,0
DA:115,0
DA:123,0
DA:125,0
DA:126,0
DA:129,0
DA:130,0
DA:133,0
DA:134,0
DA:138,0
DA:139,0
DA:140,0
DA:142,0
DA:150,0
DA:152,0
DA:153,0
DA:156,0
DA:157,0
DA:160,0
DA:161,0
DA:169,0
DA:170,0
DA:171,0
DA:172,0
DA:173,0
DA:174,0
DA:175,0
DA:176,0
DA:177,0
DA:180,0
DA:181,0
DA:186,0
LF:82
LH:0
BRDA:11,0,0,0
BRDA:33,1,0,0
BRDA:67,2,0,0
BRDA:68,3,0,0
BRDA:68,3,1,0
BRDA:71,4,0,0
BRDA:71,4,1,0
BRDA:72,5,0,0
BRDA:72,5,1,0
BRDA:98,6,0,0
BRDA:99,7,0,0
BRDA:99,7,1,0
BRDA:125,8,0,0
BRDA:126,9,0,0
BRDA:126,9,1,0
BRDA:152,10,0,0
BRDA:153,11,0,0
BRDA:153,11,1,0
BRDA:186,12,0,0
BRDA:186,12,1,0
BRDA:186,12,2,0
BRDA:186,12,3,0
BRF:22
BRH:0
end_of_record
TN:
SF:lib\db\addresses.ts
FN:10,listAddresses
FN:26,createAddress
FN:67,getAddressById
FN:83,updateAddress
FN:126,deleteAddress
FN:157,saveCustomerAddress
FNF:6
FNH:0
FNDA:0,listAddresses
FNDA:0,createAddress
FNDA:0,getAddressById
FNDA:0,updateAddress
FNDA:0,deleteAddress
FNDA:0,saveCustomerAddress
DA:5,0
DA:10,0
DA:11,0
DA:13,0
DA:19,0
DA:20,0
DA:26,0
DA:38,0
DA:40,0
DA:41,0
DA:44,0
DA:60,0
DA:61,0
DA:67,0
DA:68,0
DA:70,0
DA:75,0
DA:76,0
DA:77,0
DA:83,0
DA:94,0
DA:97,0
DA:102,0
DA:103,0
DA:105,0
DA:106,0
DA:113,0
DA:119,0
DA:120,0
DA:126,0
DA:127,0
DA:130,0
DA:135,0
DA:136,0
DA:138,0
DA:139,0
DA:143,0
DA:144,0
DA:145,0
DA:149,0
DA:150,0
DA:151,0
DA:157,0
DA:158,0
DA:160,0
DA:173,0
DA:174,0
DA:177,0
DA:178,0
DA:179,0
LF:50
LH:0
BRDA:19,0,0,0
BRDA:40,1,0,0
BRDA:48,2,0,0
BRDA:48,2,1,0
BRDA:51,3,0,0
BRDA:51,3,1,0
BRDA:56,4,0,0
BRDA:56,4,1,0
BRDA:60,5,0,0
BRDA:75,6,0,0
BRDA:76,7,0,0
BRDA:102,8,0,0
BRDA:103,9,0,0
BRDA:105,10,0,0
BRDA:119,11,0,0
BRDA:135,12,0,0
BRDA:136,13,0,0
BRDA:138,14,0,0
BRDA:143,15,0,0
BRDA:143,15,1,0
BRDA:144,16,0,0
BRDA:150,17,0,0
BRDA:169,18,0,0
BRDA:169,18,1,0
BRDA:173,19,0,0
BRDA:178,20,0,0
BRF:26
BRH:0
end_of_record
TN:
SF:lib\db\categories.ts
FN:10,getCategories
FN:26,createCategory
FN:55,updateCategorySortOrders
FNF:3
FNH:0
FNDA:0,getCategories
FNDA:0,createCategory
FNDA:0,updateCategorySortOrders
DA:5,0
DA:10,0
DA:11,0
DA:13,0
DA:14,0
DA:15,0
DA:18,0
DA:19,0
DA:20,0
DA:26,0
DA:32,0
DA:34,0
DA:42,0
DA:48,0
DA:49,0
DA:55,0
DA:56,0
DA:59,0
DA:60,0
DA:64,0
DA:67,0
LF:21
LH:0
BRDA:10,0,0,0
BRDA:14,1,0,0
BRDA:19,2,0,0
BRDA:20,3,0,0
BRDA:20,3,1,0
BRDA:36,4,0,0
BRDA:36,4,1,0
BRDA:37,5,0,0
BRDA:37,5,1,0
BRDA:38,6,0,0
BRDA:38,6,1,0
BRDA:48,7,0,0
BRDA:64,8,0,0
BRF:13
BRH:0
end_of_record
TN:
SF:lib\db\customers.ts
FN:10,listCustomers
FN:38,(anonymous_6)
FN:39,(anonymous_7)
FN:86,getCustomerById
FN:129,updateCustomerAndAddress
FN:191,deleteCustomer
FNF:6
FNH:0
FNDA:0,listCustomers
FNDA:0,(anonymous_6)
FNDA:0,(anonymous_7)
FNDA:0,getCustomerById
FNDA:0,updateCustomerAndAddress
FNDA:0,deleteCustomer
DA:5,0
DA:10,0
DA:11,0
DA:13,0
DA:18,0
DA:20,0
DA:22,0
DA:23,0
DA:32,0
DA:37,0
DA:38,0
DA:39,0
DA:41,0
DA:42,0
DA:44,0
DA:45,0
DA:46,0
DA:47,0
DA:48,0
DA:50,0
DA:51,0
DA:52,0
DA:53,0
DA:54,0
DA:55,0
DA:57,0
DA:80,0
DA:86,0
DA:87,0
DA:89,0
DA:95,0
DA:96,0
DA:98,0
DA:107,0
DA:129,0
DA:135,0
DA:138,0
DA:148,0
DA:150,0
DA:151,0
DA:160,0
DA:171,0
DA:172,0
DA:176,0
DA:178,0
DA:181,0
DA:185,0
DA:191,0
DA:192,0
DA:195,0
DA:199,0
DA:201,0
DA:203,0
DA:204,0
DA:205,0
DA:215,0
DA:217,0
DA:218,0
DA:221,0
LF:59
LH:0
BRDA:18,0,0,0
BRDA:22,1,0,0
BRDA:22,1,1,0
BRDA:37,2,0,0
BRDA:37,2,1,0
BRDA:38,3,0,0
BRDA:38,3,1,0
BRDA:38,4,0,0
BRDA:38,4,1,0
BRDA:39,5,0,0
BRDA:39,5,1,0
BRDA:39,6,0,0
BRDA:39,6,1,0
BRDA:42,7,0,0
BRDA:42,7,1,0
BRDA:46,8,0,0
BRDA:46,8,1,0
BRDA:47,9,0,0
BRDA:47,9,1,0
BRDA:51,10,0,0
BRDA:51,10,1,0
BRDA:51,11,0,0
BRDA:51,11,1,0
BRDA:52,12,0,0
BRDA:52,12,1,0
BRDA:52,13,0,0
BRDA:52,13,1,0
BRDA:53,14,0,0
BRDA:53,14,1,0
BRDA:54,15,0,0
BRDA:54,15,1,0
BRDA:60,16,0,0
BRDA:60,16,1,0
BRDA:61,17,0,0
BRDA:61,17,1,0
BRDA:62,18,0,0
BRDA:62,18,1,0
BRDA:64,19,0,0
BRDA:64,19,1,0
BRDA:65,20,0,0
BRDA:65,20,1,0
BRDA:66,21,0,0
BRDA:66,21,1,0
BRDA:67,22,0,0
BRDA:67,22,1,0
BRDA:68,23,0,0
BRDA:68,23,1,0
BRDA:69,24,0,0
BRDA:69,24,1,0
BRDA:70,25,0,0
BRDA:70,25,1,0
BRDA:95,26,0,0
BRDA:96,27,0,0
BRDA:110,28,0,0
BRDA:110,28,1,0
BRDA:111,29,0,0
BRDA:111,29,1,0
BRDA:112,30,0,0
BRDA:112,30,1,0
BRDA:114,31,0,0
BRDA:114,31,1,0
BRDA:115,32,0,0
BRDA:115,32,1,0
BRDA:116,33,0,0
BRDA:116,33,1,0
BRDA:117,34,0,0
BRDA:117,34,1,0
BRDA:118,35,0,0
BRDA:118,35,1,0
BRDA:119,36,0,0
BRDA:119,36,1,0
BRDA:120,37,0,0
BRDA:120,37,1,0
BRDA:121,38,0,0
BRDA:121,38,1,0
BRDA:143,39,0,0
BRDA:143,39,1,0
BRDA:148,40,0,0
BRDA:150,41,0,0
BRDA:150,42,0,0
BRDA:150,42,1,0
BRDA:150,42,2,0
BRDA:161,43,0,0
BRDA:161,43,1,0
BRDA:162,44,0,0
BRDA:162,44,1,0
BRDA:163,45,0,0
BRDA:163,45,1,0
BRDA:164,46,0,0
BRDA:164,46,1,0
BRDA:165,47,0,0
BRDA:165,47,1,0
BRDA:166,48,0,0
BRDA:166,48,1,0
BRDA:167,49,0,0
BRDA:167,49,1,0
BRDA:171,50,0,0
BRDA:171,50,1,0
BRDA:176,51,0,0
BRDA:181,52,0,0
BRDA:199,53,0,0
BRDA:201,54,0,0
BRDA:201,54,1,0
BRDA:203,55,0,0
BRDA:203,55,1,0
BRF:105
BRH:0
end_of_record
TN:
SF:lib\db\index.ts
FNF:0
FNH:0
DA:7,0
DA:8,0
DA:9,0
DA:10,0
DA:11,0
DA:12,0
DA:13,0
DA:16,0
LF:8
LH:0
BRF:0
BRH:0
end_of_record
TN:
SF:lib\db\orders.ts
FN:22,listOrders
FN:57,(anonymous_7)
FN:58,(anonymous_8)
FN:59,(anonymous_9)
FN:60,(anonymous_10)
FN:61,(anonymous_11)
FN:62,(anonymous_12)
FN:65,(anonymous_13)
FN:77,createOrder
FN:119,(anonymous_15)
FN:141,getOrderById
FN:159,(anonymous_17)
FN:192,updateOrderStatus
FN:222,updatePaymentStatus
FNF:14
FNH:0
FNDA:0,listOrders
FNDA:0,(anonymous_7)
FNDA:0,(anonymous_8)
FNDA:0,(anonymous_9)
FNDA:0,(anonymous_10)
FNDA:0,(anonymous_11)
FNDA:0,(anonymous_12)
FNDA:0,(anonymous_13)
FNDA:0,createOrder
FNDA:0,(anonymous_15)
FNDA:0,getOrderById
FNDA:0,(anonymous_17)
FNDA:0,updateOrderStatus
FNDA:0,updatePaymentStatus
DA:5,0
DA:22,0
DA:28,0
DA:30,0
DA:35,0
DA:36,0
DA:38,0
DA:39,0
DA:41,0
DA:42,0
DA:44,0
DA:45,0
DA:48,0
DA:50,0
DA:51,0
DA:54,0
DA:55,0
DA:57,0
DA:58,0
DA:59,0
DA:60,0
DA:61,0
DA:62,0
DA:65,0
DA:71,0
DA:77,0
DA:93,0
DA:95,0
DA:111,0
DA:116,0
DA:118,0
DA:119,0
DA:131,0
DA:132,0
DA:135,0
DA:141,0
DA:142,0
DA:144,0
DA:149,0
DA:150,0
DA:152,0
DA:157,0
DA:159,0
DA:175,0
DA:192,0
DA:193,0
DA:195,0
DA:201,0
DA:203,0
DA:204,0
DA:216,0
DA:222,0
DA:223,0
DA:225,0
DA:231,0
DA:232,0
LF:56
LH:0
BRDA:35,0,0,0
BRDA:35,1,0,0
BRDA:35,1,1,0
BRDA:38,2,0,0
BRDA:41,3,0,0
BRDA:44,4,0,0
BRDA:45,5,0,0
BRDA:45,5,1,0
BRDA:51,6,0,0
BRDA:54,7,0,0
BRDA:54,7,1,0
BRDA:57,8,0,0
BRDA:57,8,1,0
BRDA:58,9,0,0
BRDA:58,9,1,0
BRDA:59,10,0,0
BRDA:59,10,1,0
BRDA:60,11,0,0
BRDA:60,11,1,0
BRDA:61,12,0,0
BRDA:61,12,1,0
BRDA:62,13,0,0
BRDA:62,13,1,0
BRDA:62,14,0,0
BRDA:62,14,1,0
BRDA:65,15,0,0
BRDA:65,15,1,0
BRDA:67,16,0,0
BRDA:67,16,1,0
BRDA:68,17,0,0
BRDA:68,17,1,0
BRDA:101,18,0,0
BRDA:101,18,1,0
BRDA:102,19,0,0
BRDA:102,19,1,0
BRDA:103,20,0,0
BRDA:103,20,1,0
BRDA:104,21,0,0
BRDA:104,21,1,0
BRDA:106,22,0,0
BRDA:106,22,1,0
BRDA:107,23,0,0
BRDA:107,23,1,0
BRDA:108,24,0,0
BRDA:108,24,1,0
BRDA:116,25,0,0
BRDA:118,26,0,0
BRDA:126,27,0,0
BRDA:126,27,1,0
BRDA:127,28,0,0
BRDA:127,28,1,0
BRDA:128,29,0,0
BRDA:128,29,1,0
BRDA:129,30,0,0
BRDA:129,30,1,0
BRDA:132,31,0,0
BRDA:149,32,0,0
BRDA:150,33,0,0
BRDA:157,34,0,0
BRDA:159,35,0,0
BRDA:159,35,1,0
BRDA:170,36,0,0
BRDA:170,36,1,0
BRDA:170,36,2,0
BRDA:177,37,0,0
BRDA:177,37,1,0
BRDA:178,38,0,0
BRDA:178,38,1,0
BRDA:182,39,0,0
BRDA:182,39,1,0
BRDA:183,40,0,0
BRDA:183,40,1,0
BRDA:201,41,0,0
BRDA:203,42,0,0
BRDA:231,43,0,0
BRF:75
BRH:0
end_of_record
TN:
SF:lib\db\products.ts
FN:27,getProductsActive
FN:41,(anonymous_4)
FN:62,createProduct
FNF:3
FNH:0
FNDA:0,getProductsActive
FNDA:0,(anonymous_4)
FNDA:0,createProduct
DA:5,0
DA:27,0
DA:28,0
DA:30,0
DA:36,0
DA:37,0
DA:38,0
DA:41,0
DA:62,0
DA:72,0
DA:74,0
DA:86,0
DA:92,0
DA:95,0
DA:101,0
DA:103,0
LF:16
LH:0
BRDA:36,0,0,0
BRDA:41,1,0,0
BRDA:41,1,1,0
BRDA:43,2,0,0
BRDA:43,2,1,0
BRDA:44,3,0,0
BRDA:44,3,1,0
BRDA:47,4,0,0
BRDA:47,4,1,0
BRDA:49,5,0,0
BRDA:49,5,1,0
BRDA:49,5,2,0
BRDA:50,6,0,0
BRDA:50,6,1,0
BRDA:50,6,2,0
BRDA:76,7,0,0
BRDA:76,7,1,0
BRDA:79,8,0,0
BRDA:79,8,1,0
BRDA:81,9,0,0
BRDA:81,9,1,0
BRDA:82,10,0,0
BRDA:82,10,1,0
BRDA:92,11,0,0
BRDA:101,12,0,0
BRDA:107,13,0,0
BRDA:107,13,1,0
BRDA:110,14,0,0
BRDA:110,14,1,0
BRDA:111,15,0,0
BRDA:111,15,1,0
BRDA:112,16,0,0
BRDA:112,16,1,0
BRF:33
BRH:0
end_of_record
TN:
SF:lib\db\settings.ts
FN:10,getAdminSettings
FN:17,(anonymous_4)
FN:27,updateAdminSetting
FNF:3
FNH:0
FNDA:0,getAdminSettings
FNDA:0,(anonymous_4)
FNDA:0,updateAdminSetting
DA:5,0
DA:10,0
DA:11,0
DA:13,0
DA:14,0
DA:16,0
DA:17,0
DA:18,0
DA:21,0
DA:27,0
DA:28,0
DA:31,0
DA:38,0
DA:39,0
LF:14
LH:0
BRDA:14,0,0,0
BRDA:17,1,0,0
BRDA:17,1,1,0
BRDA:38,2,0,0
BRF:4
BRH:0
end_of_record
TN:
SF:lib\db\users.ts
FN:21,getUserByEmail
FN:37,createUserProfile
FNF:2
FNH:0
FNDA:0,getUserByEmail
FNDA:0,createUserProfile
DA:5,0
DA:21,0
DA:22,0
DA:23,0
DA:30,0
DA:31,0
DA:37,0
DA:44,0
DA:45,0
DA:52,0
DA:58,0
DA:59,0
LF:12
LH:0
BRDA:30,0,0,0
BRDA:48,1,0,0
BRDA:48,1,1,0
BRDA:50,2,0,0
BRDA:50,2,1,0
BRDA:58,3,0,0
BRF:6
BRH:0
end_of_record
